Position,Query Time
714,Tue Sep 20 23:55:07 2022
694,Wed Sep 21 17:50:07 2022
694,Wed Sep 21 17:51:07 2022
694,Wed Sep 21 17:52:07 2022
694,Wed Sep 21 17:55:06 2022
694,Wed Sep 21 18:00:10 2022
694,Wed Sep 21 18:05:07 2022
694,Wed Sep 21 18:10:08 2022
694,Wed Sep 21 18:15:08 2022
694,Wed Sep 21 18:20:07 2022
694,Wed Sep 21 18:25:06 2022
694,Wed Sep 21 18:30:07 2022
694,Wed Sep 21 18:35:07 2022
694,Wed Sep 21 18:40:07 2022
694,Wed Sep 21 18:45:06 2022
694,Wed Sep 21 18:50:07 2022
694,Wed Sep 21 18:55:07 2022
694,Wed Sep 21 21:50:06 2022
694,Wed Sep 21 21:55:07 2022
694,Wed Sep 21 22:00:06 2022
694,Wed Sep 21 22:05:06 2022
694,Wed Sep 21 22:10:08 2022
694,Wed Sep 21 22:15:06 2022
694,Wed Sep 21 22:20:06 2022
694,Wed Sep 21 22:25:06 2022
694,Wed Sep 21 22:30:05 2022
694,Wed Sep 21 22:35:06 2022
694,Wed Sep 21 22:40:06 2022
694,Wed Sep 21 22:45:07 2022
694,Wed Sep 21 22:50:05 2022
694,Wed Sep 21 22:55:05 2022
694,Wed Sep 21 23:00:06 2022
694,Wed Sep 21 23:05:11 2022
694,Wed Sep 21 23:10:06 2022
694,Wed Sep 21 23:15:05 2022
694,Wed Sep 21 23:20:06 2022
694,Wed Sep 21 23:25:05 2022
694,Wed Sep 21 23:30:06 2022
694,Wed Sep 21 23:35:06 2022
694,Wed Sep 21 23:40:05 2022
694,Wed Sep 21 23:45:05 2022
694,Wed Sep 21 23:50:07 2022
694,Wed Sep 21 23:55:06 2022
694,Thu Sep 22 00:00:06 2022
694,Thu Sep 22 00:05:06 2022
694,Thu Sep 22 00:10:06 2022
694,Thu Sep 22 00:15:06 2022
694,Thu Sep 22 00:20:07 2022
694,Thu Sep 22 00:25:06 2022
694,Thu Sep 22 00:30:07 2022
694,Thu Sep 22 00:35:05 2022
694,Thu Sep 22 00:40:11 2022
694,Thu Sep 22 00:45:06 2022
694,Thu Sep 22 00:50:05 2022
694,Thu Sep 22 00:55:06 2022
694,Thu Sep 22 01:00:06 2022
694,Thu Sep 22 01:05:05 2022
694,Thu Sep 22 01:10:06 2022
694,Thu Sep 22 01:15:06 2022
694,Thu Sep 22 01:20:05 2022
694,Thu Sep 22 01:25:05 2022
694,Thu Sep 22 01:30:06 2022
694,Thu Sep 22 01:35:06 2022
694,Thu Sep 22 01:40:05 2022
694,Thu Sep 22 01:45:05 2022
694,Thu Sep 22 01:50:06 2022
694,Thu Sep 22 01:55:06 2022
694,Thu Sep 22 02:00:06 2022
694,Thu Sep 22 02:05:06 2022
694,Thu Sep 22 02:10:05 2022
694,Thu Sep 22 02:15:06 2022
694,Thu Sep 22 02:20:05 2022
694,Thu Sep 22 02:25:05 2022
694,Thu Sep 22 02:30:06 2022
694,Thu Sep 22 02:35:05 2022
694,Thu Sep 22 02:40:05 2022
694,Thu Sep 22 02:45:05 2022
694,Thu Sep 22 02:50:06 2022
694,Thu Sep 22 02:55:05 2022
694,Thu Sep 22 03:00:06 2022
694,Thu Sep 22 03:05:05 2022
694,Thu Sep 22 03:10:05 2022
694,Thu Sep 22 03:15:06 2022
694,Thu Sep 22 03:20:06 2022
694,Thu Sep 22 03:25:05 2022
694,Thu Sep 22 03:30:06 2022
694,Thu Sep 22 03:35:05 2022
694,Thu Sep 22 03:40:05 2022
694,Thu Sep 22 03:45:06 2022
694,Thu Sep 22 03:50:05 2022
694,Thu Sep 22 03:55:06 2022
694,Thu Sep 22 04:00:06 2022
675,Thu Sep 22 04:05:05 2022
675,Thu Sep 22 04:10:06 2022
675,Thu Sep 22 04:15:07 2022
675,Thu Sep 22 04:20:10 2022
675,Thu Sep 22 04:25:06 2022
675,Thu Sep 22 04:30:06 2022
675,Thu Sep 22 04:35:06 2022
675,Thu Sep 22 04:40:07 2022
675,Thu Sep 22 04:45:06 2022
675,Thu Sep 22 04:50:05 2022
675,Thu Sep 22 04:55:05 2022
675,Thu Sep 22 05:00:06 2022
675,Thu Sep 22 05:05:06 2022
675,Thu Sep 22 05:10:05 2022
675,Thu Sep 22 05:15:06 2022
675,Thu Sep 22 05:20:06 2022
675,Thu Sep 22 05:25:06 2022
675,Thu Sep 22 05:30:06 2022
675,Thu Sep 22 05:35:06 2022
675,Thu Sep 22 05:40:07 2022
675,Thu Sep 22 05:45:05 2022
675,Thu Sep 22 05:50:06 2022
675,Thu Sep 22 05:55:06 2022
675,Thu Sep 22 06:05:06 2022
675,Thu Sep 22 06:10:06 2022
675,Thu Sep 22 06:15:06 2022
675,Thu Sep 22 06:20:06 2022
675,Thu Sep 22 06:25:06 2022
675,Thu Sep 22 06:30:06 2022
675,Thu Sep 22 06:35:06 2022
675,Thu Sep 22 06:40:07 2022
675,Thu Sep 22 06:45:06 2022
675,Thu Sep 22 06:50:06 2022
675,Thu Sep 22 06:55:06 2022
675,Thu Sep 22 07:00:07 2022
675,Thu Sep 22 07:05:06 2022
675,Thu Sep 22 07:10:06 2022
675,Thu Sep 22 07:15:07 2022
675,Thu Sep 22 07:20:06 2022
675,Thu Sep 22 07:25:06 2022
675,Thu Sep 22 07:30:07 2022
675,Thu Sep 22 07:35:06 2022
675,Thu Sep 22 07:40:06 2022
675,Thu Sep 22 07:45:06 2022
675,Thu Sep 22 07:50:06 2022
675,Thu Sep 22 07:55:06 2022
675,Thu Sep 22 08:00:07 2022
675,Thu Sep 22 08:05:06 2022
675,Thu Sep 22 08:10:06 2022
675,Thu Sep 22 08:15:06 2022
675,Thu Sep 22 08:20:06 2022
675,Thu Sep 22 08:25:06 2022
675,Thu Sep 22 08:30:05 2022
675,Thu Sep 22 08:35:06 2022
675,Thu Sep 22 08:40:06 2022
675,Thu Sep 22 08:45:06 2022
675,Thu Sep 22 08:50:11 2022
675,Thu Sep 22 08:55:06 2022
675,Thu Sep 22 09:00:06 2022
675,Thu Sep 22 09:05:06 2022
675,Thu Sep 22 09:10:06 2022
675,Thu Sep 22 09:15:06 2022
675,Thu Sep 22 09:20:06 2022
675,Thu Sep 22 09:25:06 2022
675,Thu Sep 22 09:30:06 2022
675,Thu Sep 22 09:35:07 2022
675,Thu Sep 22 09:40:06 2022
675,Thu Sep 22 09:45:06 2022
675,Thu Sep 22 09:50:06 2022
675,Thu Sep 22 09:55:06 2022
675,Thu Sep 22 10:00:06 2022
675,Thu Sep 22 10:05:06 2022
675,Thu Sep 22 10:10:07 2022
675,Thu Sep 22 10:15:06 2022
675,Thu Sep 22 10:20:06 2022
675,Thu Sep 22 10:25:06 2022
675,Thu Sep 22 10:30:06 2022
675,Thu Sep 22 10:35:06 2022
675,Thu Sep 22 10:40:06 2022
675,Thu Sep 22 10:45:07 2022
675,Thu Sep 22 10:50:06 2022
675,Thu Sep 22 10:55:08 2022
675,Thu Sep 22 11:00:06 2022
675,Thu Sep 22 11:05:06 2022
675,Thu Sep 22 11:10:07 2022
675,Thu Sep 22 11:15:06 2022
675,Thu Sep 22 11:20:06 2022
675,Thu Sep 22 11:25:05 2022
675,Thu Sep 22 11:30:07 2022
675,Thu Sep 22 11:35:06 2022
675,Thu Sep 22 11:40:06 2022
675,Thu Sep 22 11:45:06 2022
675,Thu Sep 22 11:50:06 2022
675,Thu Sep 22 11:55:07 2022
675,Thu Sep 22 12:00:06 2022
675,Thu Sep 22 12:05:07 2022
675,Thu Sep 22 12:10:06 2022
675,Thu Sep 22 12:15:06 2022
675,Thu Sep 22 12:20:06 2022
675,Thu Sep 22 12:25:07 2022
675,Thu Sep 22 12:30:07 2022
675,Thu Sep 22 12:35:06 2022
675,Thu Sep 22 12:40:11 2022
675,Thu Sep 22 12:45:07 2022
675,Thu Sep 22 12:50:06 2022
675,Thu Sep 22 12:55:06 2022
675,Thu Sep 22 13:00:07 2022
675,Thu Sep 22 13:05:07 2022
675,Thu Sep 22 13:10:06 2022
675,Thu Sep 22 13:15:06 2022
675,Thu Sep 22 13:20:06 2022
675,Thu Sep 22 13:25:06 2022
675,Thu Sep 22 13:30:07 2022
675,Thu Sep 22 13:35:06 2022
675,Thu Sep 22 13:40:06 2022
675,Thu Sep 22 13:45:06 2022
675,Thu Sep 22 13:50:11 2022
675,Thu Sep 22 13:55:07 2022
675,Thu Sep 22 14:00:06 2022
675,Thu Sep 22 14:05:06 2022
675,Thu Sep 22 14:10:06 2022
675,Thu Sep 22 14:15:06 2022
675,Thu Sep 22 14:20:06 2022
675,Thu Sep 22 14:25:06 2022
675,Thu Sep 22 14:30:06 2022
675,Thu Sep 22 14:35:11 2022
675,Thu Sep 22 14:40:06 2022
675,Thu Sep 22 14:45:07 2022
675,Thu Sep 22 14:55:06 2022
675,Thu Sep 22 15:55:06 2022
675,Thu Sep 22 16:00:07 2022
675,Thu Sep 22 16:05:06 2022
675,Thu Sep 22 16:10:07 2022
675,Thu Sep 22 16:15:06 2022
675,Thu Sep 22 16:20:07 2022
675,Thu Sep 22 16:25:06 2022
675,Thu Sep 22 16:30:06 2022
675,Thu Sep 22 16:35:07 2022
675,Thu Sep 22 16:40:06 2022
675,Thu Sep 22 16:45:06 2022
675,Thu Sep 22 16:50:07 2022
675,Thu Sep 22 16:55:06 2022
675,Thu Sep 22 17:00:06 2022
675,Thu Sep 22 17:05:06 2022
675,Thu Sep 22 17:10:07 2022
675,Thu Sep 22 17:15:07 2022
675,Thu Sep 22 17:20:06 2022
675,Thu Sep 22 17:25:06 2022
675,Thu Sep 22 17:30:07 2022
675,Thu Sep 22 17:35:06 2022
675,Thu Sep 22 17:40:07 2022
675,Thu Sep 22 17:45:06 2022
675,Thu Sep 22 17:50:06 2022
675,Thu Sep 22 17:55:07 2022
675,Thu Sep 22 18:00:06 2022
675,Thu Sep 22 18:05:07 2022
675,Thu Sep 22 18:10:06 2022
675,Thu Sep 22 18:15:07 2022
675,Thu Sep 22 18:20:06 2022
675,Thu Sep 22 18:25:06 2022
675,Thu Sep 22 18:30:06 2022
675,Thu Sep 22 18:35:07 2022
675,Thu Sep 22 18:40:06 2022
675,Thu Sep 22 18:45:06 2022
675,Thu Sep 22 18:50:06 2022
675,Thu Sep 22 18:55:06 2022
675,Thu Sep 22 19:00:07 2022
691,Fri Sep 23 04:05:05 2022
691,Sat Sep 24 00:20:05 2022
691,Sat Sep 24 00:25:06 2022
691,Sat Sep 24 00:30:06 2022
691,Sat Sep 24 00:35:05 2022
691,Sat Sep 24 00:40:07 2022
691,Sat Sep 24 00:45:06 2022
691,Sat Sep 24 00:50:06 2022
691,Sat Sep 24 00:55:05 2022
691,Sat Sep 24 01:00:07 2022
691,Sat Sep 24 01:05:06 2022
691,Sat Sep 24 01:10:07 2022
691,Sat Sep 24 01:15:06 2022
691,Sat Sep 24 01:20:07 2022
691,Sat Sep 24 01:25:06 2022
691,Sat Sep 24 01:30:07 2022
691,Sat Sep 24 01:35:06 2022
691,Sat Sep 24 01:40:06 2022
691,Sat Sep 24 01:45:06 2022
691,Sat Sep 24 01:55:06 2022
691,Sat Sep 24 02:00:07 2022
691,Sat Sep 24 02:05:06 2022
691,Sat Sep 24 02:10:07 2022
691,Sat Sep 24 02:15:06 2022
691,Sat Sep 24 02:20:07 2022
691,Sat Sep 24 02:25:06 2022
691,Sat Sep 24 02:30:06 2022
691,Sat Sep 24 02:35:06 2022
691,Sat Sep 24 02:40:06 2022
691,Sat Sep 24 02:45:06 2022
691,Sat Sep 24 02:50:06 2022
691,Sat Sep 24 02:55:06 2022
691,Sat Sep 24 03:00:06 2022
691,Sat Sep 24 03:05:06 2022
691,Sat Sep 24 03:10:06 2022
691,Sat Sep 24 03:15:07 2022
691,Sat Sep 24 03:20:06 2022
691,Sat Sep 24 03:25:06 2022
691,Sat Sep 24 03:30:06 2022
691,Sat Sep 24 03:35:06 2022
691,Sat Sep 24 03:40:06 2022
691,Sat Sep 24 03:45:05 2022
691,Sat Sep 24 03:50:06 2022
691,Sat Sep 24 03:55:06 2022
691,Sat Sep 24 04:00:06 2022
697,Sat Sep 24 04:05:06 2022
697,Sat Sep 24 04:10:05 2022
697,Sat Sep 24 04:15:06 2022
697,Sat Sep 24 04:20:07 2022
697,Sat Sep 24 04:25:06 2022
697,Sat Sep 24 04:30:06 2022
697,Sat Sep 24 04:35:06 2022
697,Sat Sep 24 04:40:10 2022
697,Sat Sep 24 04:45:06 2022
697,Sat Sep 24 04:50:06 2022
697,Sat Sep 24 04:55:05 2022
697,Sat Sep 24 05:00:07 2022
697,Sat Sep 24 05:05:06 2022
697,Sat Sep 24 05:10:06 2022
697,Sat Sep 24 05:15:06 2022
697,Sat Sep 24 05:20:06 2022
697,Sat Sep 24 05:25:06 2022
697,Sat Sep 24 05:30:06 2022
697,Sat Sep 24 05:35:06 2022
697,Sat Sep 24 05:40:07 2022
697,Sat Sep 24 05:45:06 2022
697,Sat Sep 24 05:50:06 2022
697,Sat Sep 24 05:55:06 2022
697,Sat Sep 24 06:00:09 2022
697,Sat Sep 24 06:05:06 2022
697,Sat Sep 24 06:10:06 2022
697,Sat Sep 24 06:15:07 2022
697,Sat Sep 24 06:20:05 2022
697,Sat Sep 24 06:25:06 2022
697,Sat Sep 24 06:30:06 2022
697,Sat Sep 24 06:35:07 2022
697,Sat Sep 24 06:40:05 2022
697,Sat Sep 24 06:45:06 2022
697,Sat Sep 24 06:50:05 2022
697,Sat Sep 24 06:55:06 2022
697,Sat Sep 24 07:00:06 2022
697,Sat Sep 24 07:05:06 2022
697,Sat Sep 24 07:10:06 2022
697,Sat Sep 24 07:15:06 2022
697,Sat Sep 24 07:20:05 2022
697,Sat Sep 24 07:25:07 2022
697,Sat Sep 24 07:30:06 2022
697,Sat Sep 24 07:35:06 2022
697,Sat Sep 24 07:40:06 2022
697,Sat Sep 24 07:45:05 2022
697,Sat Sep 24 07:50:06 2022
697,Sat Sep 24 07:55:06 2022
697,Sat Sep 24 08:00:07 2022
697,Sat Sep 24 08:05:06 2022
697,Sat Sep 24 08:10:06 2022
697,Sat Sep 24 08:15:06 2022
697,Sat Sep 24 08:20:05 2022
697,Sat Sep 24 08:25:07 2022
697,Sat Sep 24 08:30:06 2022
697,Sat Sep 24 08:35:06 2022
697,Sat Sep 24 08:40:06 2022
697,Sat Sep 24 08:45:05 2022
697,Sat Sep 24 08:50:06 2022
697,Sat Sep 24 08:55:06 2022
697,Sat Sep 24 09:00:07 2022
697,Sat Sep 24 09:05:06 2022
697,Sat Sep 24 09:10:06 2022
697,Sat Sep 24 09:15:06 2022
697,Sat Sep 24 09:20:06 2022
697,Sat Sep 24 09:25:06 2022
697,Sat Sep 24 09:30:07 2022
697,Sat Sep 24 09:35:06 2022
697,Sat Sep 24 09:40:05 2022
697,Sat Sep 24 09:45:07 2022
697,Sat Sep 24 09:50:06 2022
697,Sat Sep 24 09:55:06 2022
697,Sat Sep 24 10:00:06 2022
697,Sat Sep 24 10:05:07 2022
697,Sat Sep 24 10:10:07 2022
697,Sat Sep 24 10:15:06 2022
697,Sat Sep 24 10:20:06 2022
697,Sat Sep 24 10:25:06 2022
697,Sat Sep 24 10:30:06 2022
697,Sat Sep 24 10:35:07 2022
697,Sat Sep 24 10:40:06 2022
697,Sat Sep 24 10:45:07 2022
697,Sat Sep 24 10:50:05 2022
697,Sat Sep 24 10:55:05 2022
697,Sat Sep 24 11:00:06 2022
697,Sat Sep 24 11:05:06 2022
697,Sat Sep 24 11:10:06 2022
697,Sat Sep 24 11:15:06 2022
697,Sat Sep 24 11:20:06 2022
697,Sat Sep 24 11:25:07 2022
697,Sat Sep 24 11:30:06 2022
697,Sat Sep 24 11:35:06 2022
697,Sat Sep 24 11:40:06 2022
697,Sat Sep 24 11:45:05 2022
697,Sat Sep 24 11:50:06 2022
697,Sat Sep 24 11:55:11 2022
697,Sat Sep 24 12:00:07 2022
697,Sat Sep 24 12:05:06 2022
697,Sat Sep 24 12:10:06 2022
697,Sat Sep 24 12:15:06 2022
697,Sat Sep 24 12:20:06 2022
697,Sat Sep 24 12:25:06 2022
697,Sat Sep 24 12:30:07 2022
697,Sat Sep 24 12:35:06 2022
697,Sat Sep 24 12:40:06 2022
697,Sat Sep 24 12:45:06 2022
697,Sat Sep 24 12:50:11 2022
697,Sat Sep 24 12:55:06 2022
697,Sat Sep 24 13:00:07 2022
697,Sat Sep 24 13:05:05 2022
697,Sat Sep 24 13:10:07 2022
697,Sat Sep 24 13:15:06 2022
697,Sat Sep 24 13:20:11 2022
697,Sat Sep 24 13:25:06 2022
697,Sat Sep 24 16:30:06 2022
697,Sat Sep 24 16:35:06 2022
697,Sat Sep 24 16:40:06 2022
697,Sat Sep 24 16:45:06 2022
697,Sat Sep 24 16:50:06 2022
697,Sat Sep 24 16:55:06 2022
697,Sat Sep 24 17:00:06 2022
697,Sat Sep 24 17:05:06 2022
697,Sat Sep 24 17:10:06 2022
697,Sat Sep 24 17:15:05 2022
697,Sat Sep 24 17:20:06 2022
697,Sat Sep 24 17:25:06 2022
697,Sat Sep 24 17:30:06 2022
697,Sat Sep 24 17:35:06 2022
697,Sat Sep 24 17:40:05 2022
697,Sat Sep 24 17:45:06 2022
697,Sat Sep 24 17:50:06 2022
697,Sat Sep 24 17:55:06 2022
697,Sat Sep 24 18:00:07 2022
697,Sat Sep 24 18:05:06 2022
697,Sat Sep 24 18:10:06 2022
697,Sat Sep 24 18:15:05 2022
697,Sat Sep 24 18:20:06 2022
697,Sat Sep 24 18:25:06 2022
697,Sat Sep 24 18:30:07 2022
697,Sat Sep 24 18:35:05 2022
697,Sat Sep 24 18:40:06 2022
697,Sat Sep 24 18:45:06 2022
697,Sat Sep 24 18:50:06 2022
697,Sat Sep 24 18:55:06 2022
697,Sat Sep 24 19:00:07 2022
697,Sat Sep 24 19:05:07 2022
697,Sat Sep 24 19:10:10 2022
697,Sat Sep 24 19:15:06 2022
697,Sat Sep 24 19:20:06 2022
697,Sat Sep 24 19:25:05 2022
697,Sat Sep 24 19:30:07 2022
697,Sat Sep 24 19:35:06 2022
697,Sat Sep 24 19:40:06 2022
697,Sat Sep 24 19:45:06 2022
697,Sat Sep 24 19:50:06 2022
697,Sat Sep 24 19:55:05 2022
697,Sat Sep 24 20:00:07 2022
697,Sat Sep 24 20:05:06 2022
697,Sat Sep 24 20:10:06 2022
697,Sat Sep 24 20:15:06 2022
697,Sat Sep 24 20:20:06 2022
697,Sat Sep 24 20:25:06 2022
697,Sat Sep 24 20:30:06 2022
697,Sat Sep 24 20:35:06 2022
697,Sat Sep 24 20:40:06 2022
697,Sat Sep 24 20:45:06 2022
697,Sat Sep 24 20:50:06 2022
697,Sat Sep 24 20:55:05 2022
697,Sat Sep 24 21:00:07 2022
697,Sat Sep 24 21:05:06 2022
697,Sat Sep 24 21:10:06 2022
697,Sat Sep 24 21:15:06 2022
697,Sat Sep 24 21:20:06 2022
697,Sat Sep 24 21:25:06 2022
697,Sat Sep 24 21:30:07 2022
697,Sat Sep 24 21:35:06 2022
697,Sat Sep 24 21:40:06 2022
697,Sat Sep 24 21:45:06 2022
697,Sat Sep 24 21:50:06 2022
697,Sat Sep 24 21:55:06 2022
697,Sat Sep 24 22:00:06 2022
697,Sat Sep 24 22:05:06 2022
697,Sat Sep 24 22:10:06 2022
697,Sat Sep 24 22:15:06 2022
697,Sat Sep 24 22:20:05 2022
697,Sat Sep 24 22:25:07 2022
697,Sat Sep 24 22:30:06 2022
697,Sat Sep 24 22:35:06 2022
697,Sat Sep 24 22:40:06 2022
697,Sat Sep 24 22:45:08 2022
697,Sat Sep 24 22:50:06 2022
697,Sat Sep 24 22:55:06 2022
697,Sat Sep 24 23:00:06 2022
697,Sat Sep 24 23:05:06 2022
697,Sat Sep 24 23:10:06 2022
697,Sat Sep 24 23:15:06 2022
697,Sat Sep 24 23:20:06 2022
697,Sat Sep 24 23:25:06 2022
697,Sat Sep 24 23:30:06 2022
697,Sat Sep 24 23:35:06 2022
697,Sat Sep 24 23:40:06 2022
697,Sat Sep 24 23:45:06 2022
697,Sat Sep 24 23:50:06 2022
697,Sat Sep 24 23:55:06 2022
697,Sun Sep 25 00:00:07 2022
697,Sun Sep 25 00:05:06 2022
697,Sun Sep 25 00:10:06 2022
697,Sun Sep 25 00:15:06 2022
697,Sun Sep 25 00:20:07 2022
697,Sun Sep 25 00:25:06 2022
697,Sun Sep 25 00:30:06 2022
697,Sun Sep 25 00:35:06 2022
697,Sun Sep 25 00:40:06 2022
697,Sun Sep 25 00:45:06 2022
697,Sun Sep 25 00:50:06 2022
697,Sun Sep 25 00:55:07 2022
697,Sun Sep 25 01:00:07 2022
697,Sun Sep 25 01:05:06 2022
697,Sun Sep 25 01:10:06 2022
697,Sun Sep 25 01:15:07 2022
697,Sun Sep 25 01:20:06 2022
697,Sun Sep 25 01:25:06 2022
697,Sun Sep 25 01:30:06 2022
697,Sun Sep 25 01:35:06 2022
697,Sun Sep 25 01:40:06 2022
697,Sun Sep 25 01:45:07 2022
697,Sun Sep 25 01:50:06 2022
697,Sun Sep 25 01:55:06 2022
697,Sun Sep 25 02:00:06 2022
697,Sun Sep 25 02:05:10 2022
697,Sun Sep 25 02:10:07 2022
697,Sun Sep 25 02:15:06 2022
697,Sun Sep 25 02:20:06 2022
697,Sun Sep 25 02:25:06 2022
697,Sun Sep 25 02:30:06 2022
697,Sun Sep 25 02:35:05 2022
697,Sun Sep 25 02:40:06 2022
697,Sun Sep 25 02:45:05 2022
697,Sun Sep 25 02:50:06 2022
697,Sun Sep 25 02:55:05 2022
697,Sun Sep 25 03:00:06 2022
697,Sun Sep 25 03:05:07 2022
697,Sun Sep 25 03:10:05 2022
697,Sun Sep 25 03:15:06 2022
697,Sun Sep 25 03:20:06 2022
697,Sun Sep 25 03:25:05 2022
697,Sun Sep 25 03:30:06 2022
697,Sun Sep 25 03:35:06 2022
697,Sun Sep 25 03:40:05 2022
697,Sun Sep 25 03:45:07 2022
697,Sun Sep 25 03:50:05 2022
697,Sun Sep 25 03:55:06 2022
697,Sun Sep 25 04:00:06 2022
697,Sun Sep 25 04:05:06 2022
697,Sun Sep 25 04:10:05 2022
697,Sun Sep 25 04:15:06 2022
697,Sun Sep 25 04:20:06 2022
697,Sun Sep 25 04:25:05 2022
697,Sun Sep 25 04:30:07 2022
697,Sun Sep 25 04:35:06 2022
697,Sun Sep 25 04:40:05 2022
697,Sun Sep 25 04:45:06 2022
697,Sun Sep 25 04:50:06 2022
697,Sun Sep 25 04:55:06 2022
697,Sun Sep 25 05:00:06 2022
697,Sun Sep 25 05:05:06 2022
697,Sun Sep 25 05:10:06 2022
697,Sun Sep 25 05:15:06 2022
697,Sun Sep 25 05:20:05 2022
697,Sun Sep 25 05:25:11 2022
697,Sun Sep 25 05:30:06 2022
697,Sun Sep 25 05:35:06 2022
697,Sun Sep 25 05:40:07 2022
697,Sun Sep 25 05:45:06 2022
697,Sun Sep 25 05:50:06 2022
697,Sun Sep 25 05:55:06 2022
697,Sun Sep 25 06:00:12 2022
697,Sun Sep 25 06:05:07 2022
697,Sun Sep 25 06:10:06 2022
697,Sun Sep 25 06:15:06 2022
697,Sun Sep 25 06:20:06 2022
697,Sun Sep 25 06:25:06 2022
697,Sun Sep 25 06:30:06 2022
697,Sun Sep 25 06:35:06 2022
697,Sun Sep 25 06:40:06 2022
697,Sun Sep 25 06:45:06 2022
697,Sun Sep 25 06:50:07 2022
697,Sun Sep 25 06:55:06 2022
697,Sun Sep 25 07:00:06 2022
697,Sun Sep 25 07:05:06 2022
697,Sun Sep 25 07:10:06 2022
697,Sun Sep 25 07:15:06 2022
697,Sun Sep 25 07:20:06 2022
697,Sun Sep 25 07:25:06 2022
697,Sun Sep 25 07:30:07 2022
697,Sun Sep 25 07:35:05 2022
697,Sun Sep 25 07:40:06 2022
697,Sun Sep 25 07:45:06 2022
697,Sun Sep 25 07:50:05 2022
697,Sun Sep 25 07:55:06 2022
697,Sun Sep 25 08:00:07 2022
697,Sun Sep 25 08:05:06 2022
697,Sun Sep 25 08:10:06 2022
697,Sun Sep 25 08:15:06 2022
697,Sun Sep 25 08:20:07 2022
697,Sun Sep 25 08:25:06 2022
697,Sun Sep 25 08:30:06 2022
697,Sun Sep 25 08:35:06 2022
697,Sun Sep 25 08:40:06 2022
697,Sun Sep 25 08:45:06 2022
697,Sun Sep 25 08:50:06 2022
697,Sun Sep 25 08:55:06 2022
697,Sun Sep 25 09:00:07 2022
697,Sun Sep 25 09:05:06 2022
697,Sun Sep 25 09:10:06 2022
697,Sun Sep 25 09:15:06 2022
697,Sun Sep 25 09:20:06 2022
697,Sun Sep 25 09:25:06 2022
697,Sun Sep 25 09:30:06 2022
697,Sun Sep 25 09:35:06 2022
697,Sun Sep 25 09:40:07 2022
697,Sun Sep 25 09:45:06 2022
697,Sun Sep 25 09:50:06 2022
697,Sun Sep 25 09:55:06 2022
697,Sun Sep 25 10:00:06 2022
697,Sun Sep 25 10:05:06 2022
697,Sun Sep 25 10:10:07 2022
697,Sun Sep 25 10:15:05 2022
697,Sun Sep 25 10:20:06 2022
697,Sun Sep 25 10:25:06 2022
697,Sun Sep 25 10:30:07 2022
697,Sun Sep 25 10:35:06 2022
697,Sun Sep 25 10:40:06 2022
697,Sun Sep 25 10:45:06 2022
697,Sun Sep 25 10:50:06 2022
697,Sun Sep 25 10:55:05 2022
697,Sun Sep 25 11:00:07 2022
697,Sun Sep 25 11:05:08 2022
697,Sun Sep 25 11:10:06 2022
697,Sun Sep 25 11:15:06 2022
697,Sun Sep 25 11:20:07 2022
697,Sun Sep 25 11:25:06 2022
697,Sun Sep 25 11:30:06 2022
697,Sun Sep 25 11:35:06 2022
697,Sun Sep 25 11:40:06 2022
697,Sun Sep 25 11:45:06 2022
697,Sun Sep 25 11:50:06 2022
697,Sun Sep 25 11:55:06 2022
697,Sun Sep 25 12:00:07 2022
697,Sun Sep 25 12:05:07 2022
697,Sun Sep 25 12:10:16 2022
697,Sun Sep 25 12:15:06 2022
697,Sun Sep 25 12:20:06 2022
697,Sun Sep 25 12:25:05 2022
697,Sun Sep 25 12:30:06 2022
697,Sun Sep 25 12:35:05 2022
697,Sun Sep 25 12:40:06 2022
697,Sun Sep 25 12:45:05 2022
697,Sun Sep 25 12:50:06 2022
697,Sun Sep 25 12:55:05 2022
697,Sun Sep 25 13:00:07 2022
697,Sun Sep 25 13:05:05 2022
697,Sun Sep 25 13:10:06 2022
697,Sun Sep 25 13:15:07 2022
697,Sun Sep 25 13:20:05 2022
697,Sun Sep 25 13:25:06 2022
697,Sun Sep 25 13:30:06 2022
697,Sun Sep 25 13:35:05 2022
697,Sun Sep 25 13:40:06 2022
697,Sun Sep 25 13:45:06 2022
697,Sun Sep 25 13:50:05 2022
697,Sun Sep 25 13:55:06 2022
697,Sun Sep 25 14:00:07 2022
697,Sun Sep 25 14:05:05 2022
697,Sun Sep 25 14:10:06 2022
697,Sun Sep 25 14:15:06 2022
697,Sun Sep 25 14:20:06 2022
697,Sun Sep 25 14:25:05 2022
697,Sun Sep 25 14:30:06 2022
697,Sun Sep 25 14:35:06 2022
697,Sun Sep 25 14:40:06 2022
697,Sun Sep 25 14:45:06 2022
697,Sun Sep 25 14:50:06 2022
697,Sun Sep 25 14:55:06 2022
697,Sun Sep 25 15:00:06 2022
697,Sun Sep 25 15:05:06 2022
697,Sun Sep 25 15:10:06 2022
697,Sun Sep 25 15:15:06 2022
697,Sun Sep 25 15:20:06 2022
697,Sun Sep 25 15:25:06 2022
697,Sun Sep 25 15:30:06 2022
697,Sun Sep 25 15:35:06 2022
697,Sun Sep 25 15:40:06 2022
697,Sun Sep 25 15:45:05 2022
697,Sun Sep 25 15:50:06 2022
697,Sun Sep 25 15:55:06 2022
697,Sun Sep 25 17:35:06 2022
697,Sun Sep 25 17:40:05 2022
697,Sun Sep 25 17:45:06 2022
697,Sun Sep 25 17:50:05 2022
697,Sun Sep 25 17:55:06 2022
697,Sun Sep 25 18:00:06 2022
697,Sun Sep 25 18:05:06 2022
697,Sun Sep 25 18:10:06 2022
697,Sun Sep 25 18:15:06 2022
697,Sun Sep 25 18:20:06 2022
697,Sun Sep 25 18:25:05 2022
697,Sun Sep 25 18:30:07 2022
697,Sun Sep 25 18:35:05 2022
697,Sun Sep 25 18:40:05 2022
697,Sun Sep 25 18:45:06 2022
697,Sun Sep 25 18:50:06 2022
697,Sun Sep 25 18:55:06 2022
697,Sun Sep 25 19:00:06 2022
697,Sun Sep 25 19:05:07 2022
697,Sun Sep 25 19:10:05 2022
697,Sun Sep 25 19:15:06 2022
697,Sun Sep 25 19:20:06 2022
697,Sun Sep 25 19:25:06 2022
697,Sun Sep 25 19:30:06 2022
697,Sun Sep 25 19:35:05 2022
697,Sun Sep 25 19:40:07 2022
697,Sun Sep 25 19:45:11 2022
697,Sun Sep 25 19:50:06 2022
697,Sun Sep 25 19:55:06 2022
697,Sun Sep 25 20:00:08 2022
697,Sun Sep 25 20:05:06 2022
697,Sun Sep 25 20:10:06 2022
697,Sun Sep 25 20:15:06 2022
697,Sun Sep 25 20:20:06 2022
697,Sun Sep 25 20:25:06 2022
697,Sun Sep 25 20:30:06 2022
697,Sun Sep 25 20:35:05 2022
697,Sun Sep 25 20:40:06 2022
697,Sun Sep 25 20:45:06 2022
697,Sun Sep 25 20:50:06 2022
697,Sun Sep 25 20:55:07 2022
697,Sun Sep 25 21:00:06 2022
697,Sun Sep 25 21:05:07 2022
697,Sun Sep 25 21:10:05 2022
697,Sun Sep 25 21:15:06 2022
697,Sun Sep 25 21:20:06 2022
697,Sun Sep 25 21:25:06 2022
697,Sun Sep 25 21:30:05 2022
697,Sun Sep 25 21:35:06 2022
697,Sun Sep 25 21:40:06 2022
697,Sun Sep 25 21:45:06 2022
697,Sun Sep 25 21:50:06 2022
697,Sun Sep 25 21:55:11 2022
697,Sun Sep 25 22:00:07 2022
697,Sun Sep 25 22:05:11 2022
697,Sun Sep 25 22:10:07 2022
697,Sun Sep 25 22:15:06 2022
697,Sun Sep 25 22:20:06 2022
697,Sun Sep 25 22:25:05 2022
697,Sun Sep 25 22:30:06 2022
697,Sun Sep 25 22:35:07 2022
697,Sun Sep 25 22:40:05 2022
697,Sun Sep 25 22:45:07 2022
697,Sun Sep 25 22:50:11 2022
697,Sun Sep 25 22:55:06 2022
697,Sun Sep 25 23:00:08 2022
697,Sun Sep 25 23:05:06 2022
697,Sun Sep 25 23:10:06 2022
697,Sun Sep 25 23:15:05 2022
697,Sun Sep 25 23:20:05 2022
697,Sun Sep 25 23:25:06 2022
697,Sun Sep 25 23:30:06 2022
697,Sun Sep 25 23:35:06 2022
697,Sun Sep 25 23:40:06 2022
697,Sun Sep 25 23:45:05 2022
697,Sun Sep 25 23:50:06 2022
697,Sun Sep 25 23:55:06 2022
697,Mon Sep 26 00:00:11 2022
697,Mon Sep 26 00:05:06 2022
697,Mon Sep 26 00:10:06 2022
697,Mon Sep 26 00:15:06 2022
697,Mon Sep 26 00:20:06 2022
697,Mon Sep 26 00:25:07 2022
697,Mon Sep 26 00:30:06 2022
697,Mon Sep 26 00:35:06 2022
697,Mon Sep 26 00:40:08 2022
697,Mon Sep 26 00:45:06 2022
697,Mon Sep 26 00:50:06 2022
697,Mon Sep 26 00:55:06 2022
697,Mon Sep 26 01:00:07 2022
697,Mon Sep 26 01:05:06 2022
697,Mon Sep 26 01:10:07 2022
697,Mon Sep 26 01:15:06 2022
697,Mon Sep 26 01:20:06 2022
697,Mon Sep 26 01:25:06 2022
697,Mon Sep 26 01:30:07 2022
697,Mon Sep 26 01:35:06 2022
697,Mon Sep 26 01:40:06 2022
697,Mon Sep 26 01:45:07 2022
697,Mon Sep 26 01:50:06 2022
697,Mon Sep 26 01:55:06 2022
697,Mon Sep 26 02:00:07 2022
697,Mon Sep 26 02:05:06 2022
697,Mon Sep 26 02:10:07 2022
697,Mon Sep 26 02:15:06 2022
697,Mon Sep 26 02:20:06 2022
697,Mon Sep 26 02:25:06 2022
697,Mon Sep 26 02:30:06 2022
697,Mon Sep 26 02:35:06 2022
697,Mon Sep 26 02:40:06 2022
697,Mon Sep 26 02:45:06 2022
697,Mon Sep 26 02:50:06 2022
697,Mon Sep 26 02:55:05 2022
697,Mon Sep 26 03:00:07 2022
697,Mon Sep 26 03:05:07 2022
697,Mon Sep 26 03:10:06 2022
697,Mon Sep 26 03:15:06 2022
697,Mon Sep 26 03:20:06 2022
697,Mon Sep 26 03:25:07 2022
697,Mon Sep 26 03:30:06 2022
697,Mon Sep 26 03:35:06 2022
697,Mon Sep 26 03:40:06 2022
697,Mon Sep 26 03:45:06 2022
697,Mon Sep 26 03:50:06 2022
697,Mon Sep 26 03:55:06 2022
697,Mon Sep 26 04:00:06 2022
697,Mon Sep 26 04:05:06 2022
697,Mon Sep 26 04:10:06 2022
697,Mon Sep 26 04:15:06 2022
697,Mon Sep 26 04:20:06 2022
697,Mon Sep 26 04:25:05 2022
697,Mon Sep 26 04:30:06 2022
697,Mon Sep 26 04:35:06 2022
697,Mon Sep 26 04:40:06 2022
697,Mon Sep 26 04:45:07 2022
697,Mon Sep 26 04:50:06 2022
697,Mon Sep 26 04:55:05 2022
697,Mon Sep 26 05:00:09 2022
697,Mon Sep 26 05:05:06 2022
697,Mon Sep 26 05:10:05 2022
697,Mon Sep 26 05:15:06 2022
697,Mon Sep 26 05:20:06 2022
697,Mon Sep 26 05:25:06 2022
697,Mon Sep 26 05:30:07 2022
697,Mon Sep 26 05:35:05 2022
697,Mon Sep 26 05:40:05 2022
697,Mon Sep 26 05:45:06 2022
697,Mon Sep 26 05:50:05 2022
697,Mon Sep 26 05:55:06 2022
697,Mon Sep 26 06:00:09 2022
697,Mon Sep 26 06:05:06 2022
697,Mon Sep 26 06:10:06 2022
697,Mon Sep 26 06:15:06 2022
697,Mon Sep 26 06:20:06 2022
697,Mon Sep 26 06:25:05 2022
697,Mon Sep 26 06:30:06 2022
697,Mon Sep 26 06:35:06 2022
697,Mon Sep 26 06:40:07 2022
697,Mon Sep 26 06:45:06 2022
697,Mon Sep 26 06:50:06 2022
697,Mon Sep 26 06:55:06 2022
697,Mon Sep 26 07:00:06 2022
697,Mon Sep 26 07:05:06 2022
697,Mon Sep 26 07:10:11 2022
697,Mon Sep 26 07:15:06 2022
697,Mon Sep 26 07:20:06 2022
697,Mon Sep 26 07:25:06 2022
697,Mon Sep 26 07:30:06 2022
697,Mon Sep 26 07:35:06 2022
697,Mon Sep 26 07:40:06 2022
697,Mon Sep 26 07:45:06 2022
697,Mon Sep 26 07:50:06 2022
697,Mon Sep 26 07:55:05 2022
697,Mon Sep 26 08:00:07 2022
697,Mon Sep 26 08:05:06 2022
697,Mon Sep 26 08:10:06 2022
697,Mon Sep 26 08:15:06 2022
697,Mon Sep 26 08:20:06 2022
697,Mon Sep 26 08:25:06 2022
697,Mon Sep 26 08:30:06 2022
697,Mon Sep 26 08:35:06 2022
697,Mon Sep 26 08:40:05 2022
697,Mon Sep 26 08:45:06 2022
697,Mon Sep 26 08:50:06 2022
697,Mon Sep 26 08:55:06 2022
697,Mon Sep 26 09:00:07 2022
697,Mon Sep 26 09:05:05 2022
697,Mon Sep 26 09:10:06 2022
697,Mon Sep 26 09:15:06 2022
697,Mon Sep 26 09:25:06 2022
697,Mon Sep 26 09:30:05 2022
697,Mon Sep 26 09:35:06 2022
697,Mon Sep 26 09:40:07 2022
697,Mon Sep 26 09:45:06 2022
697,Mon Sep 26 09:50:06 2022
697,Mon Sep 26 09:55:06 2022
697,Mon Sep 26 10:00:06 2022
697,Mon Sep 26 10:05:05 2022
697,Mon Sep 26 10:10:06 2022
697,Mon Sep 26 10:15:06 2022
697,Mon Sep 26 10:20:07 2022
697,Mon Sep 26 10:25:06 2022
697,Mon Sep 26 10:30:06 2022
697,Mon Sep 26 10:35:06 2022
697,Mon Sep 26 10:40:06 2022
697,Mon Sep 26 10:45:06 2022
697,Mon Sep 26 10:50:06 2022
697,Mon Sep 26 10:55:06 2022
697,Mon Sep 26 11:00:06 2022
697,Mon Sep 26 11:05:06 2022
697,Mon Sep 26 11:10:06 2022
697,Mon Sep 26 11:15:06 2022
697,Mon Sep 26 11:20:06 2022
697,Mon Sep 26 11:25:06 2022
697,Mon Sep 26 11:30:07 2022
697,Mon Sep 26 13:25:06 2022
697,Mon Sep 26 13:30:06 2022
697,Mon Sep 26 13:35:06 2022
697,Mon Sep 26 13:40:05 2022
697,Mon Sep 26 13:45:06 2022
697,Mon Sep 26 13:50:06 2022
697,Mon Sep 26 13:55:06 2022
697,Mon Sep 26 14:00:06 2022
697,Mon Sep 26 14:05:06 2022
697,Mon Sep 26 14:10:07 2022
697,Mon Sep 26 14:15:06 2022
697,Mon Sep 26 14:20:06 2022
697,Mon Sep 26 14:25:06 2022
697,Mon Sep 26 14:30:06 2022
697,Mon Sep 26 14:35:06 2022
697,Mon Sep 26 14:40:07 2022
697,Mon Sep 26 14:45:11 2022
697,Mon Sep 26 14:50:06 2022
697,Mon Sep 26 14:55:06 2022
697,Mon Sep 26 15:00:07 2022
697,Mon Sep 26 15:05:10 2022
697,Mon Sep 26 15:10:06 2022
697,Mon Sep 26 15:15:06 2022
697,Mon Sep 26 15:20:06 2022
697,Mon Sep 26 15:25:06 2022
697,Mon Sep 26 15:30:07 2022
697,Mon Sep 26 15:35:06 2022
697,Mon Sep 26 15:40:07 2022
697,Mon Sep 26 15:45:06 2022
697,Mon Sep 26 15:50:07 2022
697,Mon Sep 26 15:55:06 2022
697,Mon Sep 26 16:00:08 2022
697,Mon Sep 26 16:05:06 2022
697,Mon Sep 26 16:10:07 2022
697,Mon Sep 26 16:15:06 2022
697,Mon Sep 26 16:20:07 2022
697,Mon Sep 26 16:25:06 2022
697,Mon Sep 26 16:30:08 2022
697,Mon Sep 26 16:35:06 2022
697,Mon Sep 26 16:40:06 2022
697,Mon Sep 26 16:45:06 2022
697,Mon Sep 26 16:50:06 2022
697,Mon Sep 26 16:55:06 2022
697,Mon Sep 26 17:00:07 2022
697,Mon Sep 26 17:05:06 2022
697,Mon Sep 26 17:10:07 2022
697,Mon Sep 26 17:15:05 2022
697,Mon Sep 26 17:20:07 2022
697,Mon Sep 26 17:25:06 2022
697,Mon Sep 26 17:30:07 2022
697,Mon Sep 26 17:35:06 2022
697,Mon Sep 26 17:40:06 2022
697,Mon Sep 26 17:45:07 2022
697,Mon Sep 26 17:50:08 2022
697,Mon Sep 26 17:55:07 2022
697,Mon Sep 26 18:00:07 2022
697,Mon Sep 26 18:05:06 2022
697,Mon Sep 26 18:10:06 2022
697,Mon Sep 26 18:15:07 2022
697,Mon Sep 26 18:20:06 2022
697,Mon Sep 26 18:25:22 2022
697,Mon Sep 26 18:30:06 2022
697,Mon Sep 26 18:35:06 2022
697,Mon Sep 26 18:40:06 2022
697,Mon Sep 26 18:45:06 2022
697,Mon Sep 26 18:50:06 2022
697,Mon Sep 26 18:55:06 2022
697,Mon Sep 26 19:00:09 2022
697,Mon Sep 26 19:05:06 2022
697,Mon Sep 26 19:10:06 2022
697,Mon Sep 26 19:15:06 2022
697,Mon Sep 26 19:20:06 2022
697,Mon Sep 26 19:25:07 2022
697,Mon Sep 26 19:30:07 2022
697,Mon Sep 26 19:35:06 2022
697,Mon Sep 26 19:40:06 2022
697,Mon Sep 26 19:45:07 2022
697,Mon Sep 26 19:50:09 2022
697,Mon Sep 26 19:55:11 2022
697,Mon Sep 26 20:00:07 2022
697,Mon Sep 26 20:05:06 2022
697,Mon Sep 26 20:10:07 2022
697,Mon Sep 26 20:15:06 2022
697,Mon Sep 26 20:20:06 2022
697,Mon Sep 26 20:25:07 2022
697,Mon Sep 26 20:30:06 2022
697,Mon Sep 26 20:35:07 2022
697,Mon Sep 26 20:40:06 2022
697,Mon Sep 26 20:45:07 2022
697,Mon Sep 26 20:50:07 2022
697,Mon Sep 26 20:55:06 2022
697,Mon Sep 26 21:00:08 2022
697,Mon Sep 26 21:05:06 2022
697,Mon Sep 26 21:10:14 2022
697,Mon Sep 26 21:15:19 2022
697,Mon Sep 26 21:20:14 2022
697,Mon Sep 26 21:25:08 2022
697,Mon Sep 26 21:30:13 2022
697,Mon Sep 26 21:35:07 2022
697,Mon Sep 26 21:40:06 2022
697,Mon Sep 26 21:45:07 2022
697,Mon Sep 26 21:50:06 2022
697,Mon Sep 26 21:55:06 2022
697,Mon Sep 26 22:00:06 2022
697,Mon Sep 26 22:05:07 2022
697,Mon Sep 26 22:10:06 2022
697,Mon Sep 26 22:15:07 2022
697,Mon Sep 26 22:20:08 2022
697,Mon Sep 26 22:25:06 2022
697,Mon Sep 26 22:30:10 2022
697,Mon Sep 26 22:35:11 2022
697,Mon Sep 26 22:40:08 2022
697,Mon Sep 26 22:45:07 2022
697,Mon Sep 26 22:50:07 2022
697,Mon Sep 26 22:55:06 2022
697,Mon Sep 26 23:00:12 2022
697,Mon Sep 26 23:05:06 2022
697,Mon Sep 26 23:10:08 2022
697,Mon Sep 26 23:15:06 2022
697,Mon Sep 26 23:20:08 2022
697,Mon Sep 26 23:25:06 2022
697,Mon Sep 26 23:30:10 2022
697,Mon Sep 26 23:35:07 2022
697,Mon Sep 26 23:40:07 2022
697,Mon Sep 26 23:45:06 2022
697,Mon Sep 26 23:50:07 2022
697,Mon Sep 26 23:55:07 2022
697,Tue Sep 27 00:00:14 2022
697,Tue Sep 27 00:05:12 2022
697,Tue Sep 27 00:10:12 2022
697,Tue Sep 27 00:15:07 2022
697,Tue Sep 27 00:20:10 2022
697,Tue Sep 27 00:25:09 2022
697,Tue Sep 27 00:30:12 2022
697,Tue Sep 27 00:35:09 2022
697,Tue Sep 27 00:40:12 2022
697,Tue Sep 27 00:45:07 2022
697,Tue Sep 27 00:55:11 2022
697,Tue Sep 27 01:00:08 2022
697,Tue Sep 27 01:05:06 2022
697,Tue Sep 27 01:10:06 2022
697,Tue Sep 27 01:15:07 2022
697,Tue Sep 27 01:20:06 2022
697,Tue Sep 27 01:25:06 2022
697,Tue Sep 27 01:30:07 2022
697,Tue Sep 27 01:35:07 2022
697,Tue Sep 27 01:40:06 2022
697,Tue Sep 27 01:45:06 2022
697,Tue Sep 27 01:50:06 2022
697,Tue Sep 27 01:55:05 2022
697,Tue Sep 27 02:00:06 2022
697,Tue Sep 27 02:05:06 2022
697,Tue Sep 27 02:10:06 2022
697,Tue Sep 27 02:15:05 2022
697,Tue Sep 27 02:20:07 2022
697,Tue Sep 27 02:25:06 2022
697,Tue Sep 27 02:30:06 2022
697,Tue Sep 27 02:35:05 2022
697,Tue Sep 27 02:40:05 2022
697,Tue Sep 27 02:45:06 2022
697,Tue Sep 27 02:50:05 2022
697,Tue Sep 27 02:55:06 2022
697,Tue Sep 27 03:00:06 2022
697,Tue Sep 27 03:05:05 2022
697,Tue Sep 27 03:10:06 2022
697,Tue Sep 27 03:15:06 2022
697,Tue Sep 27 03:20:05 2022
697,Tue Sep 27 03:25:06 2022
697,Tue Sep 27 03:30:06 2022
697,Tue Sep 27 03:35:10 2022
697,Tue Sep 27 03:40:06 2022
697,Tue Sep 27 03:45:05 2022
697,Tue Sep 27 03:50:06 2022
697,Tue Sep 27 03:55:05 2022
697,Tue Sep 27 04:00:06 2022
688,Tue Sep 27 04:05:06 2022
688,Tue Sep 27 04:10:06 2022
688,Tue Sep 27 04:15:06 2022
688,Tue Sep 27 04:20:06 2022
688,Tue Sep 27 04:25:06 2022
688,Tue Sep 27 04:30:06 2022
688,Tue Sep 27 04:35:06 2022
688,Tue Sep 27 04:40:05 2022
688,Tue Sep 27 04:45:06 2022
688,Tue Sep 27 04:50:05 2022
688,Tue Sep 27 04:55:06 2022
688,Tue Sep 27 05:00:06 2022
688,Tue Sep 27 05:05:05 2022
688,Tue Sep 27 05:10:06 2022
688,Tue Sep 27 05:15:06 2022
688,Tue Sep 27 05:20:05 2022
688,Tue Sep 27 05:25:06 2022
688,Tue Sep 27 05:30:06 2022
688,Tue Sep 27 05:35:06 2022
688,Tue Sep 27 05:40:05 2022
688,Tue Sep 27 05:45:06 2022
688,Tue Sep 27 05:50:06 2022
688,Tue Sep 27 05:55:05 2022
688,Tue Sep 27 06:00:10 2022
688,Tue Sep 27 06:05:06 2022
688,Tue Sep 27 06:10:06 2022
688,Tue Sep 27 06:15:05 2022
688,Tue Sep 27 06:20:05 2022
688,Tue Sep 27 06:25:06 2022
688,Tue Sep 27 06:30:06 2022
688,Tue Sep 27 06:35:05 2022
688,Tue Sep 27 06:40:05 2022
688,Tue Sep 27 06:45:06 2022
688,Tue Sep 27 06:50:05 2022
688,Tue Sep 27 06:55:06 2022
688,Tue Sep 27 07:00:06 2022
688,Tue Sep 27 07:05:06 2022
688,Tue Sep 27 07:10:06 2022
688,Tue Sep 27 07:25:06 2022
688,Tue Sep 27 07:30:06 2022
688,Tue Sep 27 07:35:06 2022
688,Tue Sep 27 07:40:06 2022
688,Tue Sep 27 07:45:07 2022
688,Tue Sep 27 07:50:07 2022
688,Tue Sep 27 07:55:11 2022
688,Tue Sep 27 08:00:06 2022
688,Tue Sep 27 08:05:07 2022
688,Tue Sep 27 08:10:06 2022
688,Tue Sep 27 08:15:07 2022
688,Tue Sep 27 08:20:06 2022
688,Tue Sep 27 08:25:07 2022
688,Tue Sep 27 08:30:06 2022
688,Tue Sep 27 08:30:59 2022
688,Tue Sep 27 08:31:38 2022
688,Tue Sep 27 08:31:58 2022
688,Tue Sep 27 08:32:28 2022
688,Tue Sep 27 08:32:47 2022
688,Tue Sep 27 08:35:07 2022
688,Tue Sep 27 08:36:31 2022
688,Tue Sep 27 08:36:58 2022
688,Tue Sep 27 08:37:44 2022
688,Tue Sep 27 08:39:33 2022
688,Tue Sep 27 08:40:06 2022
688,Tue Sep 27 08:45:06 2022
688,Tue Sep 27 08:50:06 2022
688,Tue Sep 27 08:55:05 2022
688,Tue Sep 27 09:00:06 2022
688,Tue Sep 27 09:05:06 2022
688,Tue Sep 27 09:06:30 2022
688,Tue Sep 27 14:10:07 2022
688,Tue Sep 27 14:15:06 2022
688,Tue Sep 27 14:20:07 2022
688,Tue Sep 27 14:25:07 2022
688,Tue Sep 27 14:30:06 2022
688,Tue Sep 27 14:35:06 2022
688,Tue Sep 27 14:40:11 2022
688,Tue Sep 27 14:45:06 2022
688,Tue Sep 27 14:50:06 2022
688,Tue Sep 27 14:55:06 2022
688,Tue Sep 27 15:00:07 2022
688,Tue Sep 27 15:05:06 2022
688,Tue Sep 27 15:10:06 2022
688,Tue Sep 27 15:15:06 2022
688,Tue Sep 27 15:20:12 2022
688,Tue Sep 27 15:25:05 2022
688,Tue Sep 27 15:30:06 2022
688,Tue Sep 27 15:35:13 2022
688,Tue Sep 27 15:40:07 2022
688,Tue Sep 27 15:45:06 2022
688,Tue Sep 27 15:50:16 2022
688,Tue Sep 27 15:55:06 2022
688,Tue Sep 27 16:00:06 2022
688,Tue Sep 27 16:05:06 2022
688,Tue Sep 27 16:10:06 2022
688,Tue Sep 27 16:15:06 2022
688,Tue Sep 27 16:20:06 2022
688,Tue Sep 27 16:25:06 2022
688,Tue Sep 27 16:30:07 2022
688,Tue Sep 27 16:35:06 2022
688,Tue Sep 27 16:40:07 2022
688,Tue Sep 27 16:45:06 2022
688,Tue Sep 27 16:50:08 2022
688,Tue Sep 27 16:55:06 2022
688,Tue Sep 27 17:00:07 2022
688,Tue Sep 27 17:05:11 2022
688,Tue Sep 27 17:10:08 2022
688,Tue Sep 27 17:15:06 2022
688,Tue Sep 27 17:15:31 2022
688,Tue Sep 27 17:20:06 2022
688,Tue Sep 27 17:22:18 2022
688,Tue Sep 27 17:26:24 2022
688,Tue Sep 27 17:26:47 2022
688,Tue Sep 27 17:27:18 2022
688,Tue Sep 27 17:30:06 2022
688,Tue Sep 27 17:34:45 2022
688,Tue Sep 27 17:35:11 2022
688,Tue Sep 27 17:38:37 2022
688,Tue Sep 27 17:39:05 2022
688,Tue Sep 27 17:40:06 2022
688,Tue Sep 27 17:40:32 2022
688,Tue Sep 27 17:41:58 2022
688,Tue Sep 27 17:43:05 2022
688,Tue Sep 27 17:45:06 2022
688,Tue Sep 27 17:50:11 2022
688,Tue Sep 27 17:50:47 2022
688,Tue Sep 27 17:53:11 2022
688,Tue Sep 27 17:53:42 2022
688,Tue Sep 27 17:55:06 2022
688,Tue Sep 27 17:58:33 2022
688,Tue Sep 27 17:58:58 2022
688,Tue Sep 27 18:00:07 2022
688,Tue Sep 27 18:02:01 2022
688,Tue Sep 27 18:05:06 2022
688,Tue Sep 27 18:10:06 2022
688,Tue Sep 27 18:15:07 2022
688,Tue Sep 27 18:20:07 2022
688,Tue Sep 27 18:25:06 2022
688,Tue Sep 27 18:30:06 2022
688,Tue Sep 27 18:35:06 2022
688,Tue Sep 27 18:40:06 2022
688,Tue Sep 27 18:45:07 2022
688,Tue Sep 27 18:50:09 2022
688,Tue Sep 27 18:55:06 2022
688,Tue Sep 27 19:00:06 2022
688,Tue Sep 27 19:05:05 2022
688,Tue Sep 27 19:10:06 2022
688,Tue Sep 27 19:15:06 2022
688,Tue Sep 27 19:20:06 2022
688,Tue Sep 27 19:25:06 2022
688,Tue Sep 27 19:30:06 2022
688,Tue Sep 27 19:35:06 2022
688,Tue Sep 27 19:40:06 2022
688,Tue Sep 27 19:45:06 2022
688,Tue Sep 27 19:50:06 2022
688,Tue Sep 27 19:55:06 2022
688,Tue Sep 27 20:00:06 2022
688,Tue Sep 27 20:05:06 2022
688,Tue Sep 27 20:10:07 2022
688,Tue Sep 27 20:15:07 2022
688,Tue Sep 27 20:20:06 2022
688,Tue Sep 27 20:25:07 2022
688,Tue Sep 27 20:30:07 2022
688,Tue Sep 27 20:35:07 2022
688,Tue Sep 27 20:40:06 2022
688,Tue Sep 27 20:45:06 2022
688,Tue Sep 27 20:50:07 2022
688,Tue Sep 27 20:55:06 2022
688,Tue Sep 27 21:00:07 2022
688,Tue Sep 27 21:05:07 2022
688,Tue Sep 27 21:10:06 2022
688,Tue Sep 27 21:15:05 2022
688,Tue Sep 27 21:20:07 2022
688,Tue Sep 27 21:25:06 2022
688,Tue Sep 27 21:30:07 2022
688,Tue Sep 27 21:35:06 2022
688,Tue Sep 27 21:40:07 2022
688,Tue Sep 27 21:45:06 2022
688,Tue Sep 27 21:50:09 2022
688,Tue Sep 27 21:55:07 2022
688,Tue Sep 27 22:00:07 2022
688,Tue Sep 27 22:05:08 2022
688,Tue Sep 27 22:10:07 2022
688,Tue Sep 27 22:15:06 2022
688,Tue Sep 27 22:20:07 2022
688,Tue Sep 27 22:25:06 2022
688,Tue Sep 27 22:30:07 2022
688,Tue Sep 27 22:35:06 2022
688,Tue Sep 27 22:40:06 2022
688,Tue Sep 27 22:45:05 2022
688,Tue Sep 27 22:50:06 2022
688,Tue Sep 27 22:55:06 2022
688,Tue Sep 27 23:00:06 2022
688,Tue Sep 27 23:05:06 2022
688,Tue Sep 27 23:10:07 2022
688,Tue Sep 27 23:10:46 2022
688,Tue Sep 27 23:15:06 2022
688,Tue Sep 27 23:20:06 2022
688,Tue Sep 27 23:25:06 2022
688,Tue Sep 27 23:26:25 2022
688,Tue Sep 27 23:26:45 2022
688,Tue Sep 27 23:28:01 2022
688,Tue Sep 27 23:30:06 2022
688,Tue Sep 27 23:32:24 2022
688,Tue Sep 27 23:32:54 2022
688,Tue Sep 27 23:33:36 2022
688,Tue Sep 27 23:35:04 2022
688,Tue Sep 27 23:35:06 2022
688,Tue Sep 27 23:40:08 2022
688,Tue Sep 27 23:40:16 2022
688,Tue Sep 27 23:45:08 2022
688,Tue Sep 27 23:45:10 2022
688,Tue Sep 27 23:46:29 2022
688,Tue Sep 27 23:46:51 2022
688,Tue Sep 27 23:50:06 2022
688,Tue Sep 27 23:54:18 2022
688,Tue Sep 27 23:54:32 2022
688,Tue Sep 27 23:55:05 2022
688,Wed Sep 28 00:00:11 2022
688,Wed Sep 28 00:00:59 2022
688,Wed Sep 28 00:02:50 2022
688,Wed Sep 28 00:05:05 2022
688,Wed Sep 28 00:05:05 2022
688,Wed Sep 28 00:05:29 2022
688,Wed Sep 28 00:10:07 2022
688,Wed Sep 28 00:15:07 2022
688,Wed Sep 28 00:19:27 2022
688,Wed Sep 28 00:20:07 2022
688,Wed Sep 28 00:25:05 2022
688,Wed Sep 28 00:29:48 2022
688,Wed Sep 28 00:30:07 2022
688,Wed Sep 28 00:30:39 2022
688,Wed Sep 28 00:35:00 2022
688,Wed Sep 28 00:35:06 2022
688,Wed Sep 28 00:36:14 2022
688,Wed Sep 28 00:39:45 2022
688,Wed Sep 28 00:40:06 2022
688,Wed Sep 28 00:40:42 2022
688,Wed Sep 28 00:43:01 2022
688,Wed Sep 28 00:43:21 2022
688,Wed Sep 28 00:43:43 2022
688,Wed Sep 28 00:45:06 2022
688,Wed Sep 28 00:45:29 2022
688,Wed Sep 28 00:47:42 2022
688,Wed Sep 28 00:50:08 2022
688,Wed Sep 28 00:50:46 2022
688,Wed Sep 28 00:51:23 2022
688,Wed Sep 28 00:53:31 2022
688,Wed Sep 28 00:53:53 2022
688,Wed Sep 28 00:54:11 2022
688,Wed Sep 28 00:54:29 2022
688,Wed Sep 28 00:55:06 2022
688,Wed Sep 28 00:56:17 2022
688,Wed Sep 28 00:57:49 2022
688,Wed Sep 28 00:58:30 2022
688,Wed Sep 28 00:58:46 2022
688,Wed Sep 28 01:00:09 2022
688,Wed Sep 28 01:05:07 2022
688,Wed Sep 28 01:05:20 2022
688,Wed Sep 28 01:08:42 2022
688,Wed Sep 28 01:10:07 2022
688,Wed Sep 28 01:15:06 2022
688,Wed Sep 28 01:20:07 2022
688,Wed Sep 28 01:25:06 2022
688,Wed Sep 28 01:30:06 2022
688,Wed Sep 28 01:35:06 2022
688,Wed Sep 28 01:40:05 2022
688,Wed Sep 28 01:45:06 2022
688,Wed Sep 28 01:50:07 2022
688,Wed Sep 28 01:55:07 2022
688,Wed Sep 28 02:00:07 2022
688,Wed Sep 28 02:05:06 2022
688,Wed Sep 28 02:10:07 2022
688,Wed Sep 28 02:15:09 2022
688,Wed Sep 28 02:20:06 2022
688,Wed Sep 28 02:25:06 2022
688,Wed Sep 28 02:30:06 2022
688,Wed Sep 28 02:35:06 2022
688,Wed Sep 28 02:40:06 2022
688,Wed Sep 28 02:45:05 2022
688,Wed Sep 28 02:50:06 2022
688,Wed Sep 28 02:55:06 2022
688,Wed Sep 28 03:00:07 2022
688,Wed Sep 28 03:05:06 2022
688,Wed Sep 28 03:10:06 2022
688,Wed Sep 28 03:15:05 2022
688,Wed Sep 28 03:20:06 2022
688,Wed Sep 28 03:25:06 2022
688,Wed Sep 28 03:30:06 2022
688,Wed Sep 28 03:35:06 2022
688,Wed Sep 28 03:40:06 2022
688,Wed Sep 28 03:45:07 2022
688,Wed Sep 28 03:50:07 2022
688,Wed Sep 28 03:55:05 2022
688,Wed Sep 28 04:00:11 2022
687,Wed Sep 28 04:05:06 2022
687,Wed Sep 28 04:10:06 2022
687,Wed Sep 28 04:15:06 2022
687,Wed Sep 28 04:20:06 2022
687,Wed Sep 28 04:25:09 2022
687,Wed Sep 28 04:30:06 2022
687,Wed Sep 28 04:35:06 2022
687,Wed Sep 28 04:40:07 2022
687,Wed Sep 28 04:45:06 2022
687,Wed Sep 28 04:50:07 2022
687,Wed Sep 28 04:55:06 2022
687,Wed Sep 28 05:00:07 2022
687,Wed Sep 28 05:05:06 2022
687,Wed Sep 28 05:10:10 2022
687,Wed Sep 28 05:15:06 2022
687,Wed Sep 28 05:20:07 2022
687,Wed Sep 28 05:25:06 2022
687,Wed Sep 28 05:30:06 2022
687,Wed Sep 28 05:35:06 2022
687,Wed Sep 28 05:40:06 2022
687,Wed Sep 28 05:45:06 2022
687,Wed Sep 28 05:50:07 2022
687,Wed Sep 28 05:55:07 2022
687,Wed Sep 28 06:00:09 2022
687,Wed Sep 28 06:05:06 2022
687,Wed Sep 28 06:10:06 2022
687,Wed Sep 28 06:15:06 2022
687,Wed Sep 28 06:20:06 2022
687,Wed Sep 28 06:25:06 2022
687,Wed Sep 28 06:30:06 2022
687,Wed Sep 28 06:35:06 2022
687,Wed Sep 28 06:40:06 2022
687,Wed Sep 28 06:45:11 2022
687,Wed Sep 28 06:50:11 2022
687,Wed Sep 28 06:55:06 2022
687,Wed Sep 28 07:00:07 2022
687,Wed Sep 28 13:45:07 2022
687,Wed Sep 28 13:50:07 2022
687,Wed Sep 28 13:55:06 2022
687,Wed Sep 28 14:00:10 2022
687,Wed Sep 28 14:05:06 2022
687,Wed Sep 28 14:10:07 2022
687,Wed Sep 28 14:15:07 2022
687,Wed Sep 28 14:20:06 2022
687,Wed Sep 28 14:25:06 2022
687,Wed Sep 28 14:30:06 2022
687,Wed Sep 28 14:35:07 2022
687,Wed Sep 28 14:40:06 2022
687,Wed Sep 28 14:45:06 2022
687,Wed Sep 28 14:50:07 2022
687,Wed Sep 28 14:55:06 2022
687,Wed Sep 28 15:00:17 2022
687,Wed Sep 28 15:05:06 2022
687,Wed Sep 28 15:10:07 2022
687,Wed Sep 28 15:15:06 2022
687,Wed Sep 28 15:20:06 2022
687,Wed Sep 28 15:25:06 2022
687,Wed Sep 28 15:30:07 2022
687,Wed Sep 28 15:35:06 2022
687,Wed Sep 28 15:40:07 2022
687,Wed Sep 28 15:45:06 2022
687,Wed Sep 28 15:50:06 2022
687,Wed Sep 28 15:55:06 2022
687,Wed Sep 28 16:00:07 2022
687,Wed Sep 28 16:05:06 2022
687,Wed Sep 28 16:10:06 2022
687,Wed Sep 28 16:15:06 2022
687,Wed Sep 28 16:20:06 2022
687,Wed Sep 28 16:25:06 2022
687,Wed Sep 28 16:30:07 2022
687,Wed Sep 28 16:35:06 2022
687,Wed Sep 28 16:40:07 2022
687,Wed Sep 28 16:45:08 2022
687,Wed Sep 28 16:50:07 2022
687,Wed Sep 28 16:55:08 2022
687,Wed Sep 28 17:00:07 2022
687,Wed Sep 28 17:05:07 2022
687,Wed Sep 28 17:10:07 2022
687,Wed Sep 28 17:15:08 2022
687,Wed Sep 28 17:20:07 2022
687,Wed Sep 28 17:25:06 2022
687,Wed Sep 28 17:30:07 2022
687,Wed Sep 28 17:35:07 2022
687,Wed Sep 28 17:40:06 2022
687,Wed Sep 28 17:45:07 2022
687,Wed Sep 28 18:45:07 2022
687,Wed Sep 28 18:50:12 2022
687,Wed Sep 28 18:55:06 2022
687,Wed Sep 28 19:00:08 2022
687,Wed Sep 28 19:05:06 2022
687,Wed Sep 28 19:10:07 2022
687,Wed Sep 28 19:15:08 2022
687,Wed Sep 28 19:20:07 2022
687,Wed Sep 28 19:25:07 2022
687,Wed Sep 28 19:30:06 2022
687,Wed Sep 28 19:35:07 2022
687,Wed Sep 28 19:40:07 2022
687,Wed Sep 28 19:45:07 2022
687,Wed Sep 28 19:50:07 2022
687,Wed Sep 28 19:55:07 2022
687,Wed Sep 28 20:00:08 2022
687,Wed Sep 28 20:05:08 2022
687,Wed Sep 28 20:10:08 2022
687,Wed Sep 28 20:15:07 2022
687,Wed Sep 28 22:00:16 2022
687,Wed Sep 28 22:05:07 2022
687,Wed Sep 28 22:10:08 2022
687,Wed Sep 28 22:15:07 2022
687,Wed Sep 28 22:20:06 2022
687,Wed Sep 28 22:25:07 2022
687,Wed Sep 28 22:30:08 2022
687,Wed Sep 28 22:35:12 2022
687,Wed Sep 28 22:40:07 2022
687,Wed Sep 28 22:45:07 2022
687,Wed Sep 28 22:50:08 2022
687,Wed Sep 28 22:55:08 2022
687,Wed Sep 28 23:00:08 2022
687,Wed Sep 28 23:05:07 2022
687,Wed Sep 28 23:10:09 2022
687,Wed Sep 28 23:15:06 2022
687,Wed Sep 28 23:20:07 2022
687,Wed Sep 28 23:25:06 2022
687,Wed Sep 28 23:30:08 2022
687,Wed Sep 28 23:35:07 2022
687,Wed Sep 28 23:40:12 2022
687,Wed Sep 28 23:45:06 2022
687,Wed Sep 28 23:50:06 2022
687,Wed Sep 28 23:55:07 2022
687,Thu Sep 29 00:00:07 2022
687,Thu Sep 29 00:05:07 2022
687,Thu Sep 29 00:10:07 2022
687,Thu Sep 29 00:15:06 2022
687,Thu Sep 29 00:20:07 2022
687,Thu Sep 29 00:25:07 2022
687,Thu Sep 29 00:30:07 2022
687,Thu Sep 29 00:35:06 2022
687,Thu Sep 29 00:40:07 2022
687,Thu Sep 29 00:45:06 2022
687,Thu Sep 29 00:50:07 2022
687,Thu Sep 29 00:55:06 2022
687,Thu Sep 29 01:00:07 2022
687,Thu Sep 29 01:05:07 2022
687,Thu Sep 29 01:10:07 2022
687,Thu Sep 29 01:15:06 2022
687,Thu Sep 29 01:20:07 2022
687,Thu Sep 29 01:25:07 2022
687,Thu Sep 29 01:30:06 2022
687,Thu Sep 29 01:35:08 2022
687,Thu Sep 29 01:40:11 2022
687,Thu Sep 29 01:45:06 2022
687,Thu Sep 29 01:50:07 2022
687,Thu Sep 29 01:55:07 2022
687,Thu Sep 29 02:00:07 2022
687,Thu Sep 29 02:05:06 2022
687,Thu Sep 29 02:10:07 2022
687,Thu Sep 29 02:15:07 2022
687,Thu Sep 29 02:20:07 2022
687,Thu Sep 29 02:25:07 2022
687,Thu Sep 29 02:30:08 2022
687,Thu Sep 29 02:35:06 2022
687,Thu Sep 29 02:40:07 2022
687,Thu Sep 29 02:45:07 2022
687,Thu Sep 29 02:50:06 2022
687,Thu Sep 29 02:55:07 2022
687,Thu Sep 29 03:00:07 2022
687,Thu Sep 29 03:05:07 2022
687,Thu Sep 29 03:10:07 2022
687,Thu Sep 29 03:15:07 2022
687,Thu Sep 29 03:20:07 2022
687,Thu Sep 29 03:25:07 2022
687,Thu Sep 29 03:30:07 2022
687,Thu Sep 29 03:35:07 2022
687,Thu Sep 29 03:40:07 2022
687,Thu Sep 29 03:45:07 2022
687,Thu Sep 29 03:50:07 2022
687,Thu Sep 29 03:55:10 2022
687,Thu Sep 29 04:00:07 2022
686,Thu Sep 29 04:05:08 2022
686,Thu Sep 29 04:10:10 2022
686,Thu Sep 29 04:15:07 2022
686,Thu Sep 29 04:20:08 2022
686,Thu Sep 29 04:25:07 2022
686,Thu Sep 29 04:30:07 2022
686,Thu Sep 29 04:35:07 2022
686,Thu Sep 29 04:40:07 2022
686,Thu Sep 29 04:45:08 2022
686,Thu Sep 29 04:50:07 2022
686,Thu Sep 29 04:55:06 2022
686,Thu Sep 29 05:00:07 2022
686,Thu Sep 29 05:05:08 2022
686,Thu Sep 29 05:10:08 2022
686,Thu Sep 29 05:15:09 2022
686,Thu Sep 29 05:20:08 2022
686,Thu Sep 29 05:25:09 2022
686,Thu Sep 29 05:30:08 2022
686,Thu Sep 29 05:35:07 2022
686,Thu Sep 29 05:40:09 2022
686,Thu Sep 29 05:45:07 2022
686,Thu Sep 29 05:50:12 2022
686,Thu Sep 29 05:55:06 2022
686,Thu Sep 29 06:05:13 2022
686,Thu Sep 29 06:10:08 2022
686,Thu Sep 29 06:15:11 2022
686,Thu Sep 29 06:20:07 2022
686,Thu Sep 29 06:25:06 2022
686,Thu Sep 29 06:30:07 2022
686,Thu Sep 29 06:35:06 2022
686,Thu Sep 29 06:40:06 2022
686,Thu Sep 29 06:45:06 2022
686,Thu Sep 29 06:50:07 2022
686,Thu Sep 29 06:55:07 2022
686,Thu Sep 29 07:00:08 2022
686,Thu Sep 29 07:05:07 2022
686,Thu Sep 29 07:10:06 2022
686,Thu Sep 29 07:15:06 2022
686,Thu Sep 29 07:20:07 2022
686,Thu Sep 29 07:25:06 2022
686,Thu Sep 29 07:30:06 2022
686,Thu Sep 29 14:45:11 2022
686,Thu Sep 29 14:50:08 2022
686,Thu Sep 29 14:55:07 2022
686,Thu Sep 29 15:00:07 2022
686,Thu Sep 29 15:05:08 2022
686,Thu Sep 29 15:10:10 2022
686,Thu Sep 29 15:15:09 2022
686,Thu Sep 29 15:20:08 2022
686,Thu Sep 29 15:45:09 2022
686,Thu Sep 29 15:50:07 2022
686,Thu Sep 29 15:55:07 2022
686,Thu Sep 29 16:00:09 2022
686,Thu Sep 29 16:05:14 2022
686,Thu Sep 29 16:10:08 2022
686,Thu Sep 29 16:15:10 2022
686,Thu Sep 29 16:17:58 2022
686,Thu Sep 29 16:19:21 2022
686,Thu Sep 29 16:19:39 2022
686,Thu Sep 29 16:20:08 2022
686,Thu Sep 29 16:20:13 2022
686,Thu Sep 29 16:20:39 2022
686,Thu Sep 29 16:25:10 2022
686,Thu Sep 29 16:30:10 2022
686,Thu Sep 29 16:30:24 2022
686,Thu Sep 29 16:39:46 2022
686,Thu Sep 29 16:40:08 2022
686,Thu Sep 29 16:41:03 2022
686,Thu Sep 29 16:41:20 2022
686,Thu Sep 29 16:41:41 2022
686,Thu Sep 29 16:43:00 2022
686,Thu Sep 29 16:45:06 2022
686,Thu Sep 29 16:50:07 2022
686,Thu Sep 29 16:50:35 2022
686,Thu Sep 29 16:51:32 2022
686,Thu Sep 29 16:52:15 2022
686,Thu Sep 29 16:52:33 2022
686,Thu Sep 29 16:55:06 2022
686,Thu Sep 29 17:00:08 2022
686,Thu Sep 29 17:05:06 2022
686,Thu Sep 29 17:10:42 2022
686,Thu Sep 29 17:11:01 2022
686,Thu Sep 29 17:12:05 2022
686,Thu Sep 29 17:15:09 2022
686,Thu Sep 29 17:15:35 2022
686,Thu Sep 29 17:16:33 2022
686,Thu Sep 29 17:18:52 2022
686,Thu Sep 29 17:19:27 2022
686,Thu Sep 29 17:19:50 2022
686,Thu Sep 29 17:20:06 2022
686,Thu Sep 29 17:21:13 2022
686,Thu Sep 29 17:25:07 2022
686,Thu Sep 29 17:30:07 2022
686,Thu Sep 29 17:35:12 2022
686,Thu Sep 29 17:39:24 2022
686,Thu Sep 29 17:39:51 2022
686,Thu Sep 29 17:40:07 2022
686,Thu Sep 29 17:44:38 2022
686,Thu Sep 29 17:45:08 2022
686,Thu Sep 29 17:45:29 2022
686,Thu Sep 29 17:46:58 2022
686,Thu Sep 29 17:47:33 2022
686,Thu Sep 29 17:48:51 2022
686,Thu Sep 29 17:50:08 2022
686,Thu Sep 29 17:50:57 2022
686,Thu Sep 29 17:51:30 2022
686,Thu Sep 29 17:52:06 2022
686,Thu Sep 29 17:54:34 2022
686,Thu Sep 29 17:55:08 2022
686,Thu Sep 29 17:55:14 2022
686,Thu Sep 29 17:56:50 2022
686,Thu Sep 29 18:00:08 2022
686,Thu Sep 29 18:01:21 2022
686,Thu Sep 29 18:05:13 2022
686,Thu Sep 29 18:10:07 2022
686,Thu Sep 29 18:10:29 2022
686,Thu Sep 29 18:11:24 2022
686,Thu Sep 29 18:15:08 2022
686,Thu Sep 29 18:20:07 2022
686,Thu Sep 29 18:25:06 2022
686,Thu Sep 29 18:25:06 2022
686,Thu Sep 29 18:30:12 2022
686,Thu Sep 29 18:35:07 2022
686,Thu Sep 29 18:40:07 2022
686,Thu Sep 29 19:00:07 2022
686,Thu Sep 29 19:00:42 2022
686,Thu Sep 29 19:01:01 2022
686,Thu Sep 29 19:02:04 2022
686,Thu Sep 29 19:02:51 2022
686,Thu Sep 29 19:03:11 2022
686,Thu Sep 29 19:05:08 2022
686,Thu Sep 29 19:05:11 2022
686,Thu Sep 29 19:05:26 2022
686,Thu Sep 29 19:07:11 2022
686,Thu Sep 29 19:09:07 2022
686,Thu Sep 29 19:10:08 2022
686,Thu Sep 29 19:11:35 2022
686,Thu Sep 29 19:13:10 2022
686,Thu Sep 29 19:14:30 2022
686,Thu Sep 29 19:15:09 2022
686,Thu Sep 29 19:15:12 2022
686,Thu Sep 29 19:17:26 2022
686,Thu Sep 29 19:17:58 2022
686,Thu Sep 29 19:18:18 2022
686,Thu Sep 29 19:18:38 2022
686,Thu Sep 29 19:18:59 2022
686,Thu Sep 29 19:19:15 2022
686,Thu Sep 29 19:19:37 2022
686,Thu Sep 29 19:20:07 2022
686,Thu Sep 29 19:22:27 2022
686,Thu Sep 29 19:23:39 2022
686,Thu Sep 29 19:24:08 2022
686,Thu Sep 29 19:25:07 2022
686,Thu Sep 29 19:28:50 2022
686,Thu Sep 29 19:29:31 2022
686,Thu Sep 29 19:29:52 2022
686,Thu Sep 29 19:30:07 2022
686,Thu Sep 29 19:30:29 2022
686,Thu Sep 29 19:35:06 2022
686,Thu Sep 29 19:36:26 2022
686,Thu Sep 29 19:40:06 2022
686,Thu Sep 29 19:45:07 2022
686,Thu Sep 29 19:50:07 2022
686,Thu Sep 29 19:55:07 2022
686,Thu Sep 29 19:55:44 2022
686,Thu Sep 29 19:56:44 2022
686,Thu Sep 29 19:57:13 2022
686,Thu Sep 29 20:00:07 2022
686,Thu Sep 29 20:05:06 2022
686,Thu Sep 29 20:10:07 2022
686,Thu Sep 29 20:15:07 2022
686,Thu Sep 29 20:20:07 2022
686,Thu Sep 29 20:25:13 2022
686,Thu Sep 29 20:30:08 2022
686,Thu Sep 29 20:35:07 2022
686,Thu Sep 29 20:40:13 2022
686,Thu Sep 29 20:45:07 2022
686,Thu Sep 29 20:50:09 2022
686,Thu Sep 29 20:55:08 2022
686,Thu Sep 29 21:00:08 2022
686,Thu Sep 29 21:05:08 2022
686,Thu Sep 29 21:10:07 2022
686,Thu Sep 29 21:15:07 2022
686,Thu Sep 29 21:20:14 2022
686,Thu Sep 29 21:25:07 2022
686,Thu Sep 29 21:30:08 2022
686,Thu Sep 29 21:35:07 2022
686,Thu Sep 29 21:40:08 2022
686,Thu Sep 29 21:45:08 2022
686,Thu Sep 29 21:50:07 2022
686,Thu Sep 29 21:55:07 2022
686,Thu Sep 29 22:00:08 2022
686,Thu Sep 29 22:05:08 2022
686,Thu Sep 29 22:10:06 2022
686,Thu Sep 29 22:15:06 2022
686,Thu Sep 29 22:20:07 2022
686,Thu Sep 29 22:25:07 2022
686,Thu Sep 29 22:30:07 2022
686,Thu Sep 29 22:35:07 2022
686,Thu Sep 29 22:40:06 2022
686,Thu Sep 29 22:45:08 2022
686,Thu Sep 29 22:50:07 2022
686,Thu Sep 29 22:55:06 2022
686,Thu Sep 29 23:00:09 2022
686,Thu Sep 29 23:05:07 2022
686,Thu Sep 29 23:10:07 2022
686,Thu Sep 29 23:15:06 2022
686,Thu Sep 29 23:20:07 2022
686,Thu Sep 29 23:25:07 2022
686,Thu Sep 29 23:30:07 2022
686,Thu Sep 29 23:35:07 2022
686,Thu Sep 29 23:40:13 2022
686,Thu Sep 29 23:45:07 2022
686,Thu Sep 29 23:50:06 2022
686,Thu Sep 29 23:55:06 2022
686,Fri Sep 30 00:00:12 2022
686,Fri Sep 30 00:05:08 2022
686,Fri Sep 30 00:10:07 2022
686,Fri Sep 30 00:15:07 2022
686,Fri Sep 30 00:20:09 2022
686,Fri Sep 30 00:25:08 2022
686,Fri Sep 30 00:30:09 2022
686,Fri Sep 30 00:35:06 2022
686,Fri Sep 30 00:40:07 2022
686,Fri Sep 30 00:45:08 2022
686,Fri Sep 30 00:50:06 2022
686,Fri Sep 30 00:55:07 2022
686,Fri Sep 30 01:00:07 2022
686,Fri Sep 30 01:05:07 2022
686,Fri Sep 30 01:10:06 2022
686,Fri Sep 30 01:15:07 2022
686,Fri Sep 30 01:20:07 2022
686,Fri Sep 30 01:25:07 2022
686,Fri Sep 30 01:30:07 2022
686,Fri Sep 30 01:35:06 2022
686,Fri Sep 30 01:40:06 2022
686,Fri Sep 30 01:45:07 2022
686,Fri Sep 30 01:50:07 2022
686,Fri Sep 30 01:55:07 2022
686,Fri Sep 30 02:00:07 2022
686,Fri Sep 30 02:05:07 2022
686,Fri Sep 30 02:10:06 2022
686,Fri Sep 30 02:15:07 2022
686,Fri Sep 30 02:20:07 2022
686,Fri Sep 30 02:25:07 2022
686,Fri Sep 30 02:30:07 2022
686,Fri Sep 30 02:35:07 2022
686,Fri Sep 30 02:40:07 2022
686,Fri Sep 30 02:45:07 2022
686,Fri Sep 30 02:50:07 2022
686,Fri Sep 30 02:55:07 2022
686,Fri Sep 30 03:00:08 2022
686,Fri Sep 30 03:05:07 2022
686,Fri Sep 30 03:10:08 2022
686,Fri Sep 30 03:15:07 2022
686,Fri Sep 30 03:20:07 2022
686,Fri Sep 30 03:25:12 2022
686,Fri Sep 30 03:30:08 2022
686,Fri Sep 30 03:35:08 2022
686,Fri Sep 30 03:40:08 2022
686,Fri Sep 30 03:45:13 2022
686,Fri Sep 30 03:50:07 2022
686,Fri Sep 30 03:55:10 2022
686,Fri Sep 30 04:00:08 2022
676,Fri Sep 30 04:05:08 2022
676,Fri Sep 30 04:10:10 2022
676,Fri Sep 30 04:15:09 2022
676,Fri Sep 30 04:20:08 2022
676,Fri Sep 30 04:25:07 2022
676,Fri Sep 30 04:30:07 2022
676,Fri Sep 30 04:35:06 2022
676,Fri Sep 30 04:40:07 2022
676,Fri Sep 30 04:45:07 2022
676,Fri Sep 30 04:50:07 2022
676,Fri Sep 30 04:55:07 2022
676,Fri Sep 30 05:00:07 2022
676,Fri Sep 30 05:05:07 2022
676,Fri Sep 30 05:10:08 2022
676,Fri Sep 30 05:15:08 2022
676,Fri Sep 30 05:20:07 2022
676,Fri Sep 30 05:25:12 2022
676,Fri Sep 30 05:30:07 2022
676,Fri Sep 30 05:35:07 2022
676,Fri Sep 30 05:40:06 2022
676,Fri Sep 30 05:45:07 2022
676,Fri Sep 30 05:50:07 2022
676,Fri Sep 30 05:55:06 2022
676,Fri Sep 30 06:00:10 2022
676,Fri Sep 30 06:05:07 2022
676,Fri Sep 30 06:10:07 2022
676,Fri Sep 30 06:15:08 2022
676,Fri Sep 30 06:20:06 2022
676,Fri Sep 30 06:25:07 2022
676,Fri Sep 30 06:30:08 2022
676,Fri Sep 30 06:35:06 2022
676,Fri Sep 30 06:40:07 2022
676,Fri Sep 30 06:45:06 2022
676,Fri Sep 30 06:50:07 2022
676,Fri Sep 30 06:55:07 2022
676,Fri Sep 30 07:00:07 2022
676,Fri Sep 30 07:05:12 2022
676,Fri Sep 30 07:10:08 2022
676,Fri Sep 30 07:15:09 2022
676,Fri Sep 30 07:20:10 2022
676,Fri Sep 30 07:25:08 2022
676,Fri Sep 30 07:30:07 2022
676,Fri Sep 30 07:35:08 2022
676,Fri Sep 30 07:40:07 2022
676,Fri Sep 30 07:45:07 2022
676,Fri Sep 30 07:50:07 2022
676,Fri Sep 30 07:55:07 2022
676,Fri Sep 30 08:00:12 2022
676,Fri Sep 30 08:05:07 2022
676,Fri Sep 30 08:10:06 2022
676,Fri Sep 30 08:15:07 2022
676,Fri Sep 30 08:20:06 2022
676,Fri Sep 30 08:25:06 2022
676,Fri Sep 30 08:30:07 2022
676,Fri Sep 30 08:35:07 2022
676,Fri Sep 30 08:40:07 2022
676,Fri Sep 30 08:45:07 2022
676,Fri Sep 30 08:50:06 2022
676,Fri Sep 30 08:55:06 2022
676,Fri Sep 30 09:00:07 2022
676,Fri Sep 30 09:05:07 2022
676,Fri Sep 30 09:10:07 2022
676,Fri Sep 30 09:15:06 2022
676,Fri Sep 30 09:20:07 2022
676,Fri Sep 30 09:25:06 2022
676,Fri Sep 30 09:30:07 2022
676,Fri Sep 30 09:35:07 2022
676,Fri Sep 30 09:40:06 2022
676,Fri Sep 30 09:45:06 2022
676,Fri Sep 30 09:50:06 2022
676,Fri Sep 30 09:55:06 2022
676,Fri Sep 30 10:00:06 2022
676,Fri Sep 30 10:05:06 2022
676,Fri Sep 30 10:55:07 2022
676,Fri Sep 30 11:00:12 2022
676,Fri Sep 30 11:05:07 2022
676,Fri Sep 30 11:10:07 2022
676,Fri Sep 30 11:15:08 2022
676,Fri Sep 30 11:20:07 2022
676,Fri Sep 30 11:25:07 2022
676,Fri Sep 30 11:30:08 2022
676,Fri Sep 30 11:35:07 2022
676,Fri Sep 30 11:40:07 2022
676,Fri Sep 30 11:45:07 2022
676,Fri Sep 30 11:50:11 2022
676,Fri Sep 30 11:55:07 2022
676,Fri Sep 30 12:00:08 2022
676,Fri Sep 30 12:05:07 2022
676,Fri Sep 30 12:10:07 2022
676,Fri Sep 30 12:15:08 2022
676,Fri Sep 30 12:20:07 2022
676,Fri Sep 30 12:25:07 2022
676,Fri Sep 30 12:30:07 2022
676,Fri Sep 30 12:35:17 2022
676,Fri Sep 30 12:40:07 2022
676,Fri Sep 30 12:45:12 2022
676,Fri Sep 30 12:50:06 2022
676,Fri Sep 30 12:55:07 2022
676,Fri Sep 30 13:00:10 2022
676,Fri Sep 30 13:05:07 2022
676,Fri Sep 30 13:10:06 2022
676,Fri Sep 30 13:15:07 2022
676,Fri Sep 30 13:20:07 2022
676,Fri Sep 30 13:25:08 2022
676,Fri Sep 30 13:30:08 2022
676,Fri Sep 30 13:35:07 2022
676,Fri Sep 30 13:40:08 2022
676,Fri Sep 30 13:45:08 2022
676,Fri Sep 30 13:50:07 2022
676,Fri Sep 30 13:55:08 2022
676,Fri Sep 30 14:00:07 2022
676,Fri Sep 30 14:05:08 2022
676,Fri Sep 30 14:10:07 2022
676,Fri Sep 30 14:15:07 2022
676,Fri Sep 30 14:20:10 2022
676,Fri Sep 30 14:25:08 2022
676,Fri Sep 30 15:40:08 2022
676,Fri Sep 30 15:45:07 2022
676,Fri Sep 30 15:50:07 2022
676,Fri Sep 30 15:55:08 2022
676,Fri Sep 30 16:00:13 2022
676,Fri Sep 30 16:05:07 2022
676,Fri Sep 30 16:10:07 2022
676,Fri Sep 30 16:20:07 2022
676,Fri Sep 30 16:25:07 2022
676,Fri Sep 30 16:30:11 2022
676,Fri Sep 30 16:35:11 2022
676,Fri Sep 30 16:40:08 2022
676,Fri Sep 30 16:45:09 2022
676,Fri Sep 30 17:15:06 2022
676,Fri Sep 30 17:20:07 2022
676,Fri Sep 30 17:25:07 2022
676,Fri Sep 30 17:30:06 2022
676,Fri Sep 30 17:35:07 2022
676,Fri Sep 30 17:40:06 2022
676,Fri Sep 30 17:45:07 2022
676,Fri Sep 30 17:50:07 2022
676,Fri Sep 30 17:55:07 2022
676,Fri Sep 30 18:00:07 2022
676,Fri Sep 30 18:05:07 2022
676,Fri Sep 30 18:10:06 2022
676,Fri Sep 30 18:15:06 2022
676,Fri Sep 30 18:20:07 2022
676,Fri Sep 30 18:25:06 2022
676,Fri Sep 30 18:30:08 2022
676,Fri Sep 30 18:35:08 2022
676,Fri Sep 30 18:40:08 2022
676,Fri Sep 30 18:45:07 2022
676,Fri Sep 30 18:50:08 2022
676,Fri Sep 30 18:55:07 2022
676,Fri Sep 30 19:00:08 2022
676,Fri Sep 30 19:05:08 2022
676,Fri Sep 30 19:10:07 2022
676,Fri Sep 30 19:15:07 2022
676,Fri Sep 30 19:20:08 2022
676,Fri Sep 30 19:25:07 2022
676,Fri Sep 30 19:30:18 2022
676,Fri Sep 30 19:35:07 2022
676,Fri Sep 30 19:40:08 2022
676,Fri Sep 30 19:45:08 2022
676,Fri Sep 30 19:50:07 2022
676,Fri Sep 30 19:55:09 2022
676,Fri Sep 30 20:00:13 2022
676,Fri Sep 30 20:05:08 2022
676,Fri Sep 30 20:10:06 2022
676,Fri Sep 30 20:15:07 2022
676,Fri Sep 30 20:20:08 2022
676,Fri Sep 30 20:25:09 2022
676,Fri Sep 30 20:30:08 2022
676,Fri Sep 30 20:35:09 2022
676,Fri Sep 30 20:40:07 2022
676,Fri Sep 30 20:45:07 2022
676,Fri Sep 30 20:50:09 2022
676,Fri Sep 30 20:55:09 2022
676,Fri Sep 30 21:00:08 2022
676,Fri Sep 30 21:35:08 2022
676,Fri Sep 30 21:40:13 2022
676,Fri Sep 30 21:45:13 2022
676,Fri Sep 30 21:55:21 2022
676,Fri Sep 30 22:00:08 2022
676,Fri Sep 30 22:05:07 2022
676,Fri Sep 30 22:25:44 2022
676,Fri Sep 30 22:30:06 2022
676,Fri Sep 30 22:35:06 2022
676,Fri Sep 30 22:40:07 2022
676,Fri Sep 30 22:45:06 2022
676,Fri Sep 30 22:50:07 2022
676,Fri Sep 30 22:55:07 2022
676,Fri Sep 30 23:00:07 2022
676,Fri Sep 30 23:05:07 2022
676,Fri Sep 30 23:10:08 2022
676,Fri Sep 30 23:15:08 2022
676,Fri Sep 30 23:20:12 2022
676,Fri Sep 30 23:25:07 2022
676,Fri Sep 30 23:30:06 2022
676,Fri Sep 30 23:35:07 2022
676,Fri Sep 30 23:40:07 2022
676,Fri Sep 30 23:45:07 2022
676,Fri Sep 30 23:50:07 2022
676,Fri Sep 30 23:55:06 2022
676,Sat Oct 01 00:00:08 2022
676,Sat Oct 01 00:05:06 2022
676,Sat Oct 01 00:10:13 2022
676,Sat Oct 01 00:15:07 2022
676,Sat Oct 01 00:20:07 2022
676,Sat Oct 01 00:25:07 2022
676,Sat Oct 01 00:30:07 2022
676,Sat Oct 01 00:35:06 2022
676,Sat Oct 01 00:40:07 2022
676,Sat Oct 01 00:45:07 2022
676,Sat Oct 01 00:50:07 2022
676,Sat Oct 01 00:55:06 2022
676,Sat Oct 01 01:00:06 2022
676,Sat Oct 01 01:05:07 2022
676,Sat Oct 01 01:10:07 2022
676,Sat Oct 01 01:15:07 2022
676,Sat Oct 01 01:20:06 2022
676,Sat Oct 01 01:25:06 2022
676,Sat Oct 01 01:30:07 2022
676,Sat Oct 01 01:35:07 2022
676,Sat Oct 01 01:40:07 2022
676,Sat Oct 01 01:45:06 2022
676,Sat Oct 01 01:50:07 2022
676,Sat Oct 01 01:55:07 2022
676,Sat Oct 01 02:00:06 2022
676,Sat Oct 01 02:05:06 2022
676,Sat Oct 01 02:10:06 2022
676,Sat Oct 01 02:15:06 2022
676,Sat Oct 01 02:20:11 2022
676,Sat Oct 01 02:25:06 2022
676,Sat Oct 01 02:30:08 2022
676,Sat Oct 01 02:35:08 2022
676,Sat Oct 01 02:40:07 2022
676,Sat Oct 01 02:45:07 2022
676,Sat Oct 01 02:50:06 2022
676,Sat Oct 01 02:55:06 2022
676,Sat Oct 01 03:00:07 2022
676,Sat Oct 01 03:05:06 2022
676,Sat Oct 01 03:10:06 2022
676,Sat Oct 01 03:15:07 2022
676,Sat Oct 01 03:20:07 2022
676,Sat Oct 01 03:25:07 2022
676,Sat Oct 01 03:30:08 2022
676,Sat Oct 01 03:35:07 2022
676,Sat Oct 01 03:40:07 2022
676,Sat Oct 01 03:45:11 2022
676,Sat Oct 01 03:50:06 2022
676,Sat Oct 01 03:55:07 2022
676,Sat Oct 01 04:00:12 2022
653,Sat Oct 01 04:05:07 2022
653,Sat Oct 01 04:10:06 2022
653,Sat Oct 01 04:15:10 2022
653,Sat Oct 01 04:20:08 2022
653,Sat Oct 01 04:25:08 2022
653,Sat Oct 01 04:30:07 2022
653,Sat Oct 01 04:35:07 2022
653,Sat Oct 01 04:40:07 2022
653,Sat Oct 01 04:45:06 2022
653,Sat Oct 01 04:50:07 2022
653,Sat Oct 01 04:55:06 2022
653,Sat Oct 01 05:00:07 2022
653,Sat Oct 01 05:05:07 2022
653,Sat Oct 01 05:10:07 2022
653,Sat Oct 01 05:15:07 2022
653,Sat Oct 01 05:20:07 2022
653,Sat Oct 01 05:25:06 2022
653,Sat Oct 01 05:30:07 2022
653,Sat Oct 01 05:35:12 2022
653,Sat Oct 01 05:40:17 2022
653,Sat Oct 01 05:45:06 2022
653,Sat Oct 01 05:50:06 2022
653,Sat Oct 01 05:55:07 2022
653,Sat Oct 01 06:00:14 2022
653,Sat Oct 01 06:05:07 2022
653,Sat Oct 01 06:10:06 2022
653,Sat Oct 01 06:15:08 2022
653,Sat Oct 01 06:20:06 2022
653,Sat Oct 01 06:25:07 2022
653,Sat Oct 01 06:30:07 2022
653,Sat Oct 01 06:35:07 2022
653,Sat Oct 01 06:40:06 2022
653,Sat Oct 01 06:45:06 2022
653,Sat Oct 01 06:50:07 2022
653,Sat Oct 01 06:55:07 2022
653,Sat Oct 01 07:00:08 2022
653,Sat Oct 01 07:05:07 2022
653,Sat Oct 01 07:10:07 2022
653,Sat Oct 01 07:15:07 2022
653,Sat Oct 01 07:20:07 2022
653,Sat Oct 01 07:25:07 2022
653,Sat Oct 01 07:30:06 2022
653,Sat Oct 01 07:35:06 2022
653,Sat Oct 01 07:40:06 2022
653,Sat Oct 01 07:45:06 2022
653,Sat Oct 01 07:50:07 2022
653,Sat Oct 01 07:55:07 2022
653,Sat Oct 01 08:00:06 2022
